[2021-09-05 12:21:54] 2021-09-05 12:21:54.991675 ::: OBJECT information is modified at ../CCD_new_files/IC1848_Light_-_2017-01-23_-_FSQ106ED-x73_STF-8300M_-_1bin/5C1848_Light_L_2017-01-23-10-00-48_400sec_FSQ106ED-x73_STF-8300M_-29C_1bin_wcs.fit...
[2021-09-05 12:21:55] 2021-09-05 12:21:55.026315 ::: fits header is update with ../CCD_new_files/IC1848_Light_-_2017-01-23_-_FSQ106ED-x73_STF-8300M_-_1bin/5C1848_Light_L_2017-01-23-10-00-48_400sec_FSQ106ED-x73_STF-8300M_-29C_1bin_wcs.fit ...
[2021-09-05 12:21:55] 2021-09-05 12:21:55.040147 ::: OBJECT information is modified at ../CCD_new_files/IC1848_Light_-_2017-01-23_-_FSQ106ED-x73_STF-8300M_-_1bin/5C1848_Light_L_2017-01-23-10-07-37_400sec_FSQ106ED-x73_STF-8300M_-30C_1bin_wcs.fit...
[2021-09-05 12:21:55] 2021-09-05 12:21:55.053490 ::: fits header is update with ../CCD_new_files/IC1848_Light_-_2017-01-23_-_FSQ106ED-x73_STF-8300M_-_1bin/5C1848_Light_L_2017-01-23-10-07-37_400sec_FSQ106ED-x73_STF-8300M_-30C_1bin_wcs.fit ...
[2021-09-05 12:21:55] 2021-09-05 12:21:55.064724 ::: OBJECT information is modified at ../CCD_new_files/IC1848_Light_-_2017-01-23_-_FSQ106ED-x73_STF-8300M_-_1bin/5C1848_Light_L_2017-01-23-10-14-25_400sec_FSQ106ED-x73_STF-8300M_-29C_1bin_wcs.fit...
[2021-09-05 12:21:55] 2021-09-05 12:21:55.104874 ::: fits header is update with ../CCD_new_files/IC1848_Light_-_2017-01-23_-_FSQ106ED-x73_STF-8300M_-_1bin/5C1848_Light_L_2017-01-23-10-14-25_400sec_FSQ106ED-x73_STF-8300M_-29C_1bin_wcs.fit ...
[2021-09-05 12:21:55] 2021-09-05 12:21:55.133361 ::: OBJECT information is modified at ../CCD_new_files/IC1848_Light_-_2017-01-23_-_FSQ106ED-x73_STF-8300M_-_1bin/5C1848_Light_L_2017-01-23-10-21-13_400sec_FSQ106ED-x73_STF-8300M_-29C_1bin_wcs.fit...
[2021-09-05 12:21:55] 2021-09-05 12:21:55.206164 ::: fits header is update with ../CCD_new_files/IC1848_Light_-_2017-01-23_-_FSQ106ED-x73_STF-8300M_-_1bin/5C1848_Light_L_2017-01-23-10-21-13_400sec_FSQ106ED-x73_STF-8300M_-29C_1bin_wcs.fit ...
[2021-09-05 12:21:55] 2021-09-05 12:21:55.221648 ::: OBJECT information is modified at ../CCD_new_files/IC1848_Light_-_2017-01-23_-_FSQ106ED-x73_STF-8300M_-_1bin/5C1848_Light_L_2017-01-23-10-28-01_400sec_FSQ106ED-x73_STF-8300M_-29C_1bin_wcs.fit...
[2021-09-05 12:21:55] 2021-09-05 12:21:55.252846 ::: fits header is update with ../CCD_new_files/IC1848_Light_-_2017-01-23_-_FSQ106ED-x73_STF-8300M_-_1bin/5C1848_Light_L_2017-01-23-10-28-01_400sec_FSQ106ED-x73_STF-8300M_-29C_1bin_wcs.fit ...
[2021-09-05 12:21:55] 2021-09-05 12:21:55.278408 ::: OBJECT information is modified at ../CCD_new_files/IC1848_Light_-_2017-01-23_-_FSQ106ED-x73_STF-8300M_-_1bin/5C1848_Light_L_2017-01-23-10-34-50_400sec_FSQ106ED-x73_STF-8300M_-29C_1bin_wcs.fit...
[2021-09-05 12:21:55] 2021-09-05 12:21:55.309011 ::: fits header is update with ../CCD_new_files/IC1848_Light_-_2017-01-23_-_FSQ106ED-x73_STF-8300M_-_1bin/5C1848_Light_L_2017-01-23-10-34-50_400sec_FSQ106ED-x73_STF-8300M_-29C_1bin_wcs.fit ...
[2021-09-05 12:21:55] 2021-09-05 12:21:55.325902 ::: OBJECT information is modified at ../CCD_new_files/IC1848_Light_-_2017-01-23_-_FSQ106ED-x73_STF-8300M_-_1bin/5C1848_Light_L_2017-01-23-10-41-38_400sec_FSQ106ED-x73_STF-8300M_-29C_1bin_wcs.fit...
[2021-09-05 12:21:55] 2021-09-05 12:21:55.356782 ::: fits header is update with ../CCD_new_files/IC1848_Light_-_2017-01-23_-_FSQ106ED-x73_STF-8300M_-_1bin/5C1848_Light_L_2017-01-23-10-41-38_400sec_FSQ106ED-x73_STF-8300M_-29C_1bin_wcs.fit ...
[2021-09-05 12:21:55] 2021-09-05 12:21:55.374096 ::: OBJECT information is modified at ../CCD_new_files/IC1848_Light_-_2017-01-23_-_FSQ106ED-x73_STF-8300M_-_1bin/5C1848_Light_L_2017-01-23-11-19-22_400sec_FSQ106ED-x73_STF-8300M_-30C_1bin_wcs.fit...
[2021-09-05 12:21:55] 2021-09-05 12:21:55.396278 ::: fits header is update with ../CCD_new_files/IC1848_Light_-_2017-01-23_-_FSQ106ED-x73_STF-8300M_-_1bin/5C1848_Light_L_2017-01-23-11-19-22_400sec_FSQ106ED-x73_STF-8300M_-30C_1bin_wcs.fit ...
[2021-09-05 12:21:55] 2021-09-05 12:21:55.413730 ::: OBJECT information is modified at ../CCD_new_files/IC1848_Light_-_2017-01-23_-_FSQ106ED-x73_STF-8300M_-_1bin/5C1848_Light_L_2017-01-23-11-26-14_400sec_FSQ106ED-x73_STF-8300M_-30C_1bin_wcs.fit...
[2021-09-05 12:21:55] 2021-09-05 12:21:55.468542 ::: fits header is update with ../CCD_new_files/IC1848_Light_-_2017-01-23_-_FSQ106ED-x73_STF-8300M_-_1bin/5C1848_Light_L_2017-01-23-11-26-14_400sec_FSQ106ED-x73_STF-8300M_-30C_1bin_wcs.fit ...
[2021-09-05 12:21:55] 2021-09-05 12:21:55.485868 ::: OBJECT information is modified at ../CCD_new_files/IC1848_Light_-_2017-01-23_-_FSQ106ED-x73_STF-8300M_-_1bin/5C1848_Light_L_2017-01-23-11-33-06_400sec_FSQ106ED-x73_STF-8300M_-29C_1bin_wcs.fit...
[2021-09-05 12:21:55] 2021-09-05 12:21:55.528701 ::: fits header is update with ../CCD_new_files/IC1848_Light_-_2017-01-23_-_FSQ106ED-x73_STF-8300M_-_1bin/5C1848_Light_L_2017-01-23-11-33-06_400sec_FSQ106ED-x73_STF-8300M_-29C_1bin_wcs.fit ...
[2021-09-05 12:21:55] 2021-09-05 12:21:55.552328 ::: OBJECT information is modified at ../CCD_new_files/IC1848_Light_-_2017-01-23_-_FSQ106ED-x73_STF-8300M_-_1bin/5C1848_Light_L_2017-01-23-11-39-54_400sec_FSQ106ED-x73_STF-8300M_-30C_1bin_wcs.fit...
[2021-09-05 12:21:55] 2021-09-05 12:21:55.570701 ::: fits header is update with ../CCD_new_files/IC1848_Light_-_2017-01-23_-_FSQ106ED-x73_STF-8300M_-_1bin/5C1848_Light_L_2017-01-23-11-39-54_400sec_FSQ106ED-x73_STF-8300M_-30C_1bin_wcs.fit ...
[2021-09-05 12:21:55] 2021-09-05 12:21:55.592222 ::: OBJECT information is modified at ../CCD_new_files/IC1848_Light_-_2017-01-23_-_FSQ106ED-x73_STF-8300M_-_1bin/5C1848_Light_L_2017-01-23-11-46-43_400sec_FSQ106ED-x73_STF-8300M_-30C_1bin_wcs.fit...
[2021-09-05 12:21:55] 2021-09-05 12:21:55.618611 ::: fits header is update with ../CCD_new_files/IC1848_Light_-_2017-01-23_-_FSQ106ED-x73_STF-8300M_-_1bin/5C1848_Light_L_2017-01-23-11-46-43_400sec_FSQ106ED-x73_STF-8300M_-30C_1bin_wcs.fit ...
[2021-09-05 12:21:55] 2021-09-05 12:21:55.640759 ::: OBJECT information is modified at ../CCD_new_files/IC1848_Light_-_2017-01-23_-_FSQ106ED-x73_STF-8300M_-_1bin/5C1848_Light_L_2017-01-23-11-53-33_400sec_FSQ106ED-x73_STF-8300M_-29C_1bin_wcs.fit...
[2021-09-05 12:21:55] 2021-09-05 12:21:55.666212 ::: fits header is update with ../CCD_new_files/IC1848_Light_-_2017-01-23_-_FSQ106ED-x73_STF-8300M_-_1bin/5C1848_Light_L_2017-01-23-11-53-33_400sec_FSQ106ED-x73_STF-8300M_-29C_1bin_wcs.fit ...
[2021-09-05 12:21:55] 2021-09-05 12:21:55.681327 ::: OBJECT information is modified at ../CCD_new_files/IC1848_Light_-_2017-01-23_-_FSQ106ED-x73_STF-8300M_-_1bin/5C1848_Light_L_2017-01-23-12-00-22_400sec_FSQ106ED-x73_STF-8300M_-29C_1bin_wcs.fit...
[2021-09-05 12:21:55] 2021-09-05 12:21:55.699570 ::: fits header is update with ../CCD_new_files/IC1848_Light_-_2017-01-23_-_FSQ106ED-x73_STF-8300M_-_1bin/5C1848_Light_L_2017-01-23-12-00-22_400sec_FSQ106ED-x73_STF-8300M_-29C_1bin_wcs.fit ...
[2021-09-05 12:21:55] 2021-09-05 12:21:55.720968 ::: OBJECT information is modified at ../CCD_new_files/IC1848_Light_-_2017-01-23_-_FSQ106ED-x73_STF-8300M_-_1bin/5C1848_Light_L_2017-01-23-12-09-41_400sec_FSQ106ED-x73_STF-8300M_-30C_1bin_wcs.fit...
[2021-09-05 12:21:55] 2021-09-05 12:21:55.783473 ::: fits header is update with ../CCD_new_files/IC1848_Light_-_2017-01-23_-_FSQ106ED-x73_STF-8300M_-_1bin/5C1848_Light_L_2017-01-23-12-09-41_400sec_FSQ106ED-x73_STF-8300M_-30C_1bin_wcs.fit ...
[2021-09-05 12:21:55] 2021-09-05 12:21:55.798841 ::: OBJECT information is modified at ../CCD_new_files/IC1848_Light_-_2017-01-23_-_FSQ106ED-x73_STF-8300M_-_1bin/5C1848_Light_L_2017-01-23-12-16-29_400sec_FSQ106ED-x73_STF-8300M_-29C_1bin_wcs.fit...
[2021-09-05 12:21:55] 2021-09-05 12:21:55.854288 ::: fits header is update with ../CCD_new_files/IC1848_Light_-_2017-01-23_-_FSQ106ED-x73_STF-8300M_-_1bin/5C1848_Light_L_2017-01-23-12-16-29_400sec_FSQ106ED-x73_STF-8300M_-29C_1bin_wcs.fit ...
[2021-09-05 12:21:55] 2021-09-05 12:21:55.896408 ::: OBJECT information is modified at ../CCD_new_files/IC1848_Light_-_2017-01-23_-_FSQ106ED-x73_STF-8300M_-_1bin/5C1848_Light_L_2017-01-23-12-23-17_400sec_FSQ106ED-x73_STF-8300M_-30C_1bin_wcs.fit...
[2021-09-05 12:21:55] 2021-09-05 12:21:55.924721 ::: fits header is update with ../CCD_new_files/IC1848_Light_-_2017-01-23_-_FSQ106ED-x73_STF-8300M_-_1bin/5C1848_Light_L_2017-01-23-12-23-17_400sec_FSQ106ED-x73_STF-8300M_-30C_1bin_wcs.fit ...
[2021-09-05 12:21:55] 2021-09-05 12:21:55.945012 ::: OBJECT information is modified at ../CCD_new_files/IC1848_Light_-_2017-01-23_-_FSQ106ED-x73_STF-8300M_-_1bin/5C1848_Light_L_2017-01-23-12-30-05_400sec_FSQ106ED-x73_STF-8300M_-29C_1bin_wcs.fit...
[2021-09-05 12:21:55] 2021-09-05 12:21:55.970993 ::: fits header is update with ../CCD_new_files/IC1848_Light_-_2017-01-23_-_FSQ106ED-x73_STF-8300M_-_1bin/5C1848_Light_L_2017-01-23-12-30-05_400sec_FSQ106ED-x73_STF-8300M_-29C_1bin_wcs.fit ...
[2021-09-05 12:21:55] 2021-09-05 12:21:55.985994 ::: OBJECT information is modified at ../CCD_new_files/IC1848_Light_-_2017-01-23_-_FSQ106ED-x73_STF-8300M_-_1bin/5C1848_Light_L_2017-01-23-12-36-52_400sec_FSQ106ED-x73_STF-8300M_-30C_1bin_wcs.fit...
[2021-09-05 12:21:55] 2021-09-05 12:21:56.001508 ::: fits header is update with ../CCD_new_files/IC1848_Light_-_2017-01-23_-_FSQ106ED-x73_STF-8300M_-_1bin/5C1848_Light_L_2017-01-23-12-36-52_400sec_FSQ106ED-x73_STF-8300M_-30C_1bin_wcs.fit ...
[2021-09-05 12:21:56] 2021-09-05 12:21:56.025620 ::: OBJECT information is modified at ../CCD_new_files/IC1848_Light_-_2017-01-23_-_FSQ106ED-x73_STF-8300M_-_1bin/5C1848_Light_L_2017-01-23-12-43-40_400sec_FSQ106ED-x73_STF-8300M_-30C_1bin_wcs.fit...
[2021-09-05 12:21:56] 2021-09-05 12:21:56.048223 ::: fits header is update with ../CCD_new_files/IC1848_Light_-_2017-01-23_-_FSQ106ED-x73_STF-8300M_-_1bin/5C1848_Light_L_2017-01-23-12-43-40_400sec_FSQ106ED-x73_STF-8300M_-30C_1bin_wcs.fit ...
[2021-09-05 12:21:56] 2021-09-05 12:21:56.061977 ::: OBJECT information is modified at ../CCD_new_files/IC1848_Light_-_2017-01-23_-_FSQ106ED-x73_STF-8300M_-_1bin/5C1848_Light_L_2017-01-23-12-50-31_400sec_FSQ106ED-x73_STF-8300M_-29C_1bin_wcs.fit...
[2021-09-05 12:21:56] 2021-09-05 12:21:56.112857 ::: fits header is update with ../CCD_new_files/IC1848_Light_-_2017-01-23_-_FSQ106ED-x73_STF-8300M_-_1bin/5C1848_Light_L_2017-01-23-12-50-31_400sec_FSQ106ED-x73_STF-8300M_-29C_1bin_wcs.fit ...
[2021-09-05 12:24:15] 2021-09-05 12:24:15.990176 ::: OBJECT information is modified at ../CCD_new_files/Light_1x1/Leo_Triple-_Light_-_2021-02-08_-_FS60CB_STF-8300M_-_1bin/-_Light_B_2021-02-08-20-03-30_400sec_1x1_STF-8300M_-30C_1bin_wcs.fit...
[2021-09-05 12:24:15] 2021-09-05 12:24:16.004151 ::: fits header is update with ../CCD_new_files/Light_1x1/Leo_Triple-_Light_-_2021-02-08_-_FS60CB_STF-8300M_-_1bin/-_Light_B_2021-02-08-20-03-30_400sec_1x1_STF-8300M_-30C_1bin_wcs.fit ...
[2021-09-05 12:24:16] 2021-09-05 12:24:16.015130 ::: OBJECT information is modified at ../CCD_new_files/Light_1x1/Leo_Triple-_Light_-_2021-02-08_-_FS60CB_STF-8300M_-_1bin/-_Light_B_2021-02-08-20-10-41_400sec_1x1_STF-8300M_-30C_1bin_wcs.fit...
[2021-09-05 12:24:16] 2021-09-05 12:24:16.028766 ::: fits header is update with ../CCD_new_files/Light_1x1/Leo_Triple-_Light_-_2021-02-08_-_FS60CB_STF-8300M_-_1bin/-_Light_B_2021-02-08-20-10-41_400sec_1x1_STF-8300M_-30C_1bin_wcs.fit ...
[2021-09-05 12:24:16] 2021-09-05 12:24:16.040825 ::: OBJECT information is modified at ../CCD_new_files/Light_1x1/Leo_Triple-_Light_-_2021-02-08_-_FS60CB_STF-8300M_-_1bin/-_Light_B_2021-02-08-20-17-52_400sec_1x1_STF-8300M_-30C_1bin_wcs.fit...
[2021-09-05 12:24:16] 2021-09-05 12:24:16.054789 ::: fits header is update with ../CCD_new_files/Light_1x1/Leo_Triple-_Light_-_2021-02-08_-_FS60CB_STF-8300M_-_1bin/-_Light_B_2021-02-08-20-17-52_400sec_1x1_STF-8300M_-30C_1bin_wcs.fit ...
[2021-09-05 12:24:16] 2021-09-05 12:24:16.065948 ::: OBJECT information is modified at ../CCD_new_files/Light_1x1/Leo_Triple-_Light_-_2021-02-08_-_FS60CB_STF-8300M_-_1bin/-_Light_B_2021-02-08-20-25-15_400sec_1x1_STF-8300M_-29C_1bin_wcs.fit...
[2021-09-05 12:24:16] 2021-09-05 12:24:16.079970 ::: fits header is update with ../CCD_new_files/Light_1x1/Leo_Triple-_Light_-_2021-02-08_-_FS60CB_STF-8300M_-_1bin/-_Light_B_2021-02-08-20-25-15_400sec_1x1_STF-8300M_-29C_1bin_wcs.fit ...
[2021-09-05 12:24:16] 2021-09-05 12:24:16.090182 ::: OBJECT information is modified at ../CCD_new_files/Light_1x1/Leo_Triple-_Light_-_2021-02-08_-_FS60CB_STF-8300M_-_1bin/-_Light_B_2021-02-08-20-32-24_400sec_1x1_STF-8300M_-30C_1bin_wcs.fit...
[2021-09-05 12:24:16] 2021-09-05 12:24:16.104011 ::: fits header is update with ../CCD_new_files/Light_1x1/Leo_Triple-_Light_-_2021-02-08_-_FS60CB_STF-8300M_-_1bin/-_Light_B_2021-02-08-20-32-24_400sec_1x1_STF-8300M_-30C_1bin_wcs.fit ...
[2021-09-05 12:24:16] 2021-09-05 12:24:16.114835 ::: OBJECT information is modified at ../CCD_new_files/Light_1x1/Leo_Triple-_Light_-_2021-02-08_-_FS60CB_STF-8300M_-_1bin/-_Light_B_2021-02-08-20-39-33_400sec_1x1_STF-8300M_-30C_1bin_wcs.fit...
[2021-09-05 12:24:16] 2021-09-05 12:24:16.128432 ::: fits header is update with ../CCD_new_files/Light_1x1/Leo_Triple-_Light_-_2021-02-08_-_FS60CB_STF-8300M_-_1bin/-_Light_B_2021-02-08-20-39-33_400sec_1x1_STF-8300M_-30C_1bin_wcs.fit ...
[2021-09-05 12:24:16] 2021-09-05 12:24:16.138993 ::: OBJECT information is modified at ../CCD_new_files/Light_1x1/Leo_Triple-_Light_-_2021-02-08_-_FS60CB_STF-8300M_-_1bin/-_Light_B_2021-02-08-20-46-42_400sec_1x1_STF-8300M_-30C_1bin_wcs.fit...
[2021-09-05 12:24:16] 2021-09-05 12:24:16.152716 ::: fits header is update with ../CCD_new_files/Light_1x1/Leo_Triple-_Light_-_2021-02-08_-_FS60CB_STF-8300M_-_1bin/-_Light_B_2021-02-08-20-46-42_400sec_1x1_STF-8300M_-30C_1bin_wcs.fit ...
[2021-09-05 12:24:16] 2021-09-05 12:24:16.164420 ::: OBJECT information is modified at ../CCD_new_files/Light_1x1/Leo_Triple-_Light_-_2021-02-08_-_FS60CB_STF-8300M_-_1bin/-_Light_B_2021-02-08-20-53-52_400sec_1x1_STF-8300M_-29C_1bin_wcs.fit...
[2021-09-05 12:24:16] 2021-09-05 12:24:16.178869 ::: fits header is update with ../CCD_new_files/Light_1x1/Leo_Triple-_Light_-_2021-02-08_-_FS60CB_STF-8300M_-_1bin/-_Light_B_2021-02-08-20-53-52_400sec_1x1_STF-8300M_-29C_1bin_wcs.fit ...
[2021-09-05 12:24:16] 2021-09-05 12:24:16.189680 ::: OBJECT information is modified at ../CCD_new_files/Light_1x1/Leo_Triple-_Light_-_2021-02-08_-_FS60CB_STF-8300M_-_1bin/-_Light_G_2021-02-08-19-01-03_400sec_1x1_STF-8300M_-29C_1bin_wcs.fit...
[2021-09-05 12:24:16] 2021-09-05 12:24:16.202945 ::: fits header is update with ../CCD_new_files/Light_1x1/Leo_Triple-_Light_-_2021-02-08_-_FS60CB_STF-8300M_-_1bin/-_Light_G_2021-02-08-19-01-03_400sec_1x1_STF-8300M_-29C_1bin_wcs.fit ...
[2021-09-05 12:24:16] 2021-09-05 12:24:16.214013 ::: OBJECT information is modified at ../CCD_new_files/Light_1x1/Leo_Triple-_Light_-_2021-02-08_-_FS60CB_STF-8300M_-_1bin/-_Light_G_2021-02-08-19-08-12_400sec_1x1_STF-8300M_-29C_1bin_wcs.fit...
[2021-09-05 12:24:16] 2021-09-05 12:24:16.227700 ::: fits header is update with ../CCD_new_files/Light_1x1/Leo_Triple-_Light_-_2021-02-08_-_FS60CB_STF-8300M_-_1bin/-_Light_G_2021-02-08-19-08-12_400sec_1x1_STF-8300M_-29C_1bin_wcs.fit ...
[2021-09-05 12:24:16] 2021-09-05 12:24:16.240327 ::: OBJECT information is modified at ../CCD_new_files/Light_1x1/Leo_Triple-_Light_-_2021-02-08_-_FS60CB_STF-8300M_-_1bin/-_Light_G_2021-02-08-19-15-20_400sec_1x1_STF-8300M_-30C_1bin_wcs.fit...
[2021-09-05 12:24:16] 2021-09-05 12:24:16.254005 ::: fits header is update with ../CCD_new_files/Light_1x1/Leo_Triple-_Light_-_2021-02-08_-_FS60CB_STF-8300M_-_1bin/-_Light_G_2021-02-08-19-15-20_400sec_1x1_STF-8300M_-30C_1bin_wcs.fit ...
[2021-09-05 12:24:16] 2021-09-05 12:24:16.269150 ::: OBJECT information is modified at ../CCD_new_files/Light_1x1/Leo_Triple-_Light_-_2021-02-08_-_FS60CB_STF-8300M_-_1bin/-_Light_G_2021-02-08-19-22-30_400sec_1x1_STF-8300M_-30C_1bin_wcs.fit...
[2021-09-05 12:24:16] 2021-09-05 12:24:16.305788 ::: fits header is update with ../CCD_new_files/Light_1x1/Leo_Triple-_Light_-_2021-02-08_-_FS60CB_STF-8300M_-_1bin/-_Light_G_2021-02-08-19-22-30_400sec_1x1_STF-8300M_-30C_1bin_wcs.fit ...
[2021-09-05 12:24:16] 2021-09-05 12:24:16.319286 ::: OBJECT information is modified at ../CCD_new_files/Light_1x1/Leo_Triple-_Light_-_2021-02-08_-_FS60CB_STF-8300M_-_1bin/-_Light_G_2021-02-08-19-29-40_400sec_1x1_STF-8300M_-29C_1bin_wcs.fit...
[2021-09-05 12:24:16] 2021-09-05 12:24:16.333249 ::: fits header is update with ../CCD_new_files/Light_1x1/Leo_Triple-_Light_-_2021-02-08_-_FS60CB_STF-8300M_-_1bin/-_Light_G_2021-02-08-19-29-40_400sec_1x1_STF-8300M_-29C_1bin_wcs.fit ...
[2021-09-05 12:24:16] 2021-09-05 12:24:16.345383 ::: OBJECT information is modified at ../CCD_new_files/Light_1x1/Leo_Triple-_Light_-_2021-02-08_-_FS60CB_STF-8300M_-_1bin/-_Light_G_2021-02-08-19-36-50_400sec_1x1_STF-8300M_-29C_1bin_wcs.fit...
[2021-09-05 12:24:16] 2021-09-05 12:24:16.359035 ::: fits header is update with ../CCD_new_files/Light_1x1/Leo_Triple-_Light_-_2021-02-08_-_FS60CB_STF-8300M_-_1bin/-_Light_G_2021-02-08-19-36-50_400sec_1x1_STF-8300M_-29C_1bin_wcs.fit ...
[2021-09-05 12:24:16] 2021-09-05 12:24:16.372718 ::: OBJECT information is modified at ../CCD_new_files/Light_1x1/Leo_Triple-_Light_-_2021-02-08_-_FS60CB_STF-8300M_-_1bin/-_Light_G_2021-02-08-19-44-12_400sec_1x1_STF-8300M_-30C_1bin_wcs.fit...
[2021-09-05 12:24:16] 2021-09-05 12:24:16.394103 ::: fits header is update with ../CCD_new_files/Light_1x1/Leo_Triple-_Light_-_2021-02-08_-_FS60CB_STF-8300M_-_1bin/-_Light_G_2021-02-08-19-44-12_400sec_1x1_STF-8300M_-30C_1bin_wcs.fit ...
[2021-09-05 12:24:16] 2021-09-05 12:24:16.406088 ::: OBJECT information is modified at ../CCD_new_files/Light_1x1/Leo_Triple-_Light_-_2021-02-08_-_FS60CB_STF-8300M_-_1bin/-_Light_G_2021-02-08-19-51-21_400sec_1x1_STF-8300M_-29C_1bin_wcs.fit...
[2021-09-05 12:24:16] 2021-09-05 12:24:16.419729 ::: fits header is update with ../CCD_new_files/Light_1x1/Leo_Triple-_Light_-_2021-02-08_-_FS60CB_STF-8300M_-_1bin/-_Light_G_2021-02-08-19-51-21_400sec_1x1_STF-8300M_-29C_1bin_wcs.fit ...
[2021-09-05 12:24:16] 2021-09-05 12:24:16.430693 ::: OBJECT information is modified at ../CCD_new_files/Light_1x1/Leo_Triple-_Light_-_2021-02-08_-_FS60CB_STF-8300M_-_1bin/-_Light_L_2021-02-08-15-53-10_600sec_1x1_STF-8300M_-30C_1bin_wcs.fit...
[2021-09-05 12:24:16] 2021-09-05 12:24:16.444458 ::: fits header is update with ../CCD_new_files/Light_1x1/Leo_Triple-_Light_-_2021-02-08_-_FS60CB_STF-8300M_-_1bin/-_Light_L_2021-02-08-15-53-10_600sec_1x1_STF-8300M_-30C_1bin_wcs.fit ...
[2021-09-05 12:24:16] 2021-09-05 12:24:16.455614 ::: OBJECT information is modified at ../CCD_new_files/Light_1x1/Leo_Triple-_Light_-_2021-02-08_-_FS60CB_STF-8300M_-_1bin/-_Light_L_2021-02-08-16-13-44_600sec_1x1_STF-8300M_-30C_1bin_wcs.fit...
[2021-09-05 12:24:16] 2021-09-05 12:24:16.469430 ::: fits header is update with ../CCD_new_files/Light_1x1/Leo_Triple-_Light_-_2021-02-08_-_FS60CB_STF-8300M_-_1bin/-_Light_L_2021-02-08-16-13-44_600sec_1x1_STF-8300M_-30C_1bin_wcs.fit ...
[2021-09-05 12:24:16] 2021-09-05 12:24:16.480349 ::: OBJECT information is modified at ../CCD_new_files/Light_1x1/Leo_Triple-_Light_-_2021-02-08_-_FS60CB_STF-8300M_-_1bin/-_Light_L_2021-02-08-16-24-12_600sec_1x1_STF-8300M_-30C_1bin_wcs.fit...
[2021-09-05 12:24:16] 2021-09-05 12:24:16.494070 ::: fits header is update with ../CCD_new_files/Light_1x1/Leo_Triple-_Light_-_2021-02-08_-_FS60CB_STF-8300M_-_1bin/-_Light_L_2021-02-08-16-24-12_600sec_1x1_STF-8300M_-30C_1bin_wcs.fit ...
[2021-09-05 12:24:16] 2021-09-05 12:24:16.504087 ::: OBJECT information is modified at ../CCD_new_files/Light_1x1/Leo_Triple-_Light_-_2021-02-08_-_FS60CB_STF-8300M_-_1bin/-_Light_L_2021-02-08-16-34-42_600sec_1x1_STF-8300M_-29C_1bin_wcs.fit...
[2021-09-05 12:24:16] 2021-09-05 12:24:16.517502 ::: fits header is update with ../CCD_new_files/Light_1x1/Leo_Triple-_Light_-_2021-02-08_-_FS60CB_STF-8300M_-_1bin/-_Light_L_2021-02-08-16-34-42_600sec_1x1_STF-8300M_-29C_1bin_wcs.fit ...
[2021-09-05 12:24:16] 2021-09-05 12:24:16.527715 ::: OBJECT information is modified at ../CCD_new_files/Light_1x1/Leo_Triple-_Light_-_2021-02-08_-_FS60CB_STF-8300M_-_1bin/-_Light_L_2021-02-08-16-45-12_600sec_1x1_STF-8300M_-29C_1bin_wcs.fit...
[2021-09-05 12:24:16] 2021-09-05 12:24:16.541570 ::: fits header is update with ../CCD_new_files/Light_1x1/Leo_Triple-_Light_-_2021-02-08_-_FS60CB_STF-8300M_-_1bin/-_Light_L_2021-02-08-16-45-12_600sec_1x1_STF-8300M_-29C_1bin_wcs.fit ...
[2021-09-05 12:24:16] 2021-09-05 12:24:16.552086 ::: OBJECT information is modified at ../CCD_new_files/Light_1x1/Leo_Triple-_Light_-_2021-02-08_-_FS60CB_STF-8300M_-_1bin/-_Light_L_2021-02-08-16-55-44_600sec_1x1_STF-8300M_-30C_1bin_wcs.fit...
[2021-09-05 12:24:16] 2021-09-05 12:24:16.566452 ::: fits header is update with ../CCD_new_files/Light_1x1/Leo_Triple-_Light_-_2021-02-08_-_FS60CB_STF-8300M_-_1bin/-_Light_L_2021-02-08-16-55-44_600sec_1x1_STF-8300M_-30C_1bin_wcs.fit ...
[2021-09-05 12:24:16] 2021-09-05 12:24:16.576969 ::: OBJECT information is modified at ../CCD_new_files/Light_1x1/Leo_Triple-_Light_-_2021-02-08_-_FS60CB_STF-8300M_-_1bin/-_Light_L_2021-02-08-17-06-13_600sec_1x1_STF-8300M_-29C_1bin_wcs.fit...
[2021-09-05 12:24:16] 2021-09-05 12:24:16.591937 ::: fits header is update with ../CCD_new_files/Light_1x1/Leo_Triple-_Light_-_2021-02-08_-_FS60CB_STF-8300M_-_1bin/-_Light_L_2021-02-08-17-06-13_600sec_1x1_STF-8300M_-29C_1bin_wcs.fit ...
[2021-09-05 12:24:16] 2021-09-05 12:24:16.602799 ::: OBJECT information is modified at ../CCD_new_files/Light_1x1/Leo_Triple-_Light_-_2021-02-08_-_FS60CB_STF-8300M_-_1bin/-_Light_L_2021-02-08-17-16-45_600sec_1x1_STF-8300M_-29C_1bin_wcs.fit...
[2021-09-05 12:24:16] 2021-09-05 12:24:16.616379 ::: fits header is update with ../CCD_new_files/Light_1x1/Leo_Triple-_Light_-_2021-02-08_-_FS60CB_STF-8300M_-_1bin/-_Light_L_2021-02-08-17-16-45_600sec_1x1_STF-8300M_-29C_1bin_wcs.fit ...
[2021-09-05 12:24:16] 2021-09-05 12:24:16.626836 ::: OBJECT information is modified at ../CCD_new_files/Light_1x1/Leo_Triple-_Light_-_2021-02-08_-_FS60CB_STF-8300M_-_1bin/-_Light_L_2021-02-08-17-27-16_600sec_1x1_STF-8300M_-30C_1bin_wcs.fit...
[2021-09-05 12:24:16] 2021-09-05 12:24:16.640682 ::: fits header is update with ../CCD_new_files/Light_1x1/Leo_Triple-_Light_-_2021-02-08_-_FS60CB_STF-8300M_-_1bin/-_Light_L_2021-02-08-17-27-16_600sec_1x1_STF-8300M_-30C_1bin_wcs.fit ...
[2021-09-05 12:24:16] 2021-09-05 12:24:16.652202 ::: OBJECT information is modified at ../CCD_new_files/Light_1x1/Leo_Triple-_Light_-_2021-02-08_-_FS60CB_STF-8300M_-_1bin/-_Light_R_2021-02-08-18-01-12_400sec_1x1_STF-8300M_-30C_1bin_wcs.fit...
[2021-09-05 12:24:16] 2021-09-05 12:24:16.665754 ::: fits header is update with ../CCD_new_files/Light_1x1/Leo_Triple-_Light_-_2021-02-08_-_FS60CB_STF-8300M_-_1bin/-_Light_R_2021-02-08-18-01-12_400sec_1x1_STF-8300M_-30C_1bin_wcs.fit ...
[2021-09-05 12:24:16] 2021-09-05 12:24:16.676437 ::: OBJECT information is modified at ../CCD_new_files/Light_1x1/Leo_Triple-_Light_-_2021-02-08_-_FS60CB_STF-8300M_-_1bin/-_Light_R_2021-02-08-18-08-20_400sec_1x1_STF-8300M_-30C_1bin_wcs.fit...
[2021-09-05 12:24:16] 2021-09-05 12:24:16.690494 ::: fits header is update with ../CCD_new_files/Light_1x1/Leo_Triple-_Light_-_2021-02-08_-_FS60CB_STF-8300M_-_1bin/-_Light_R_2021-02-08-18-08-20_400sec_1x1_STF-8300M_-30C_1bin_wcs.fit ...
[2021-09-05 12:24:16] 2021-09-05 12:24:16.701089 ::: OBJECT information is modified at ../CCD_new_files/Light_1x1/Leo_Triple-_Light_-_2021-02-08_-_FS60CB_STF-8300M_-_1bin/-_Light_R_2021-02-08-18-15-44_400sec_1x1_STF-8300M_-30C_1bin_wcs.fit...
[2021-09-05 12:24:16] 2021-09-05 12:24:16.714648 ::: fits header is update with ../CCD_new_files/Light_1x1/Leo_Triple-_Light_-_2021-02-08_-_FS60CB_STF-8300M_-_1bin/-_Light_R_2021-02-08-18-15-44_400sec_1x1_STF-8300M_-30C_1bin_wcs.fit ...
[2021-09-05 12:24:16] 2021-09-05 12:24:16.725066 ::: OBJECT information is modified at ../CCD_new_files/Light_1x1/Leo_Triple-_Light_-_2021-02-08_-_FS60CB_STF-8300M_-_1bin/-_Light_R_2021-02-08-18-22-54_400sec_1x1_STF-8300M_-30C_1bin_wcs.fit...
[2021-09-05 12:24:16] 2021-09-05 12:24:16.738764 ::: fits header is update with ../CCD_new_files/Light_1x1/Leo_Triple-_Light_-_2021-02-08_-_FS60CB_STF-8300M_-_1bin/-_Light_R_2021-02-08-18-22-54_400sec_1x1_STF-8300M_-30C_1bin_wcs.fit ...
[2021-09-05 12:24:16] 2021-09-05 12:24:16.751553 ::: OBJECT information is modified at ../CCD_new_files/Light_1x1/Leo_Triple-_Light_-_2021-02-08_-_FS60CB_STF-8300M_-_1bin/-_Light_R_2021-02-08-18-30-04_400sec_1x1_STF-8300M_-29C_1bin_wcs.fit...
[2021-09-05 12:24:16] 2021-09-05 12:24:16.766187 ::: fits header is update with ../CCD_new_files/Light_1x1/Leo_Triple-_Light_-_2021-02-08_-_FS60CB_STF-8300M_-_1bin/-_Light_R_2021-02-08-18-30-04_400sec_1x1_STF-8300M_-29C_1bin_wcs.fit ...
[2021-09-05 12:24:16] 2021-09-05 12:24:16.931321 ::: OBJECT information is modified at ../CCD_new_files/Light_1x1/Leo_Triple-_Light_-_2021-02-08_-_FS60CB_STF-8300M_-_1bin/-_Light_R_2021-02-08-18-37-15_400sec_1x1_STF-8300M_-29C_1bin_wcs.fit...
[2021-09-05 12:24:16] 2021-09-05 12:24:16.968102 ::: fits header is update with ../CCD_new_files/Light_1x1/Leo_Triple-_Light_-_2021-02-08_-_FS60CB_STF-8300M_-_1bin/-_Light_R_2021-02-08-18-37-15_400sec_1x1_STF-8300M_-29C_1bin_wcs.fit ...
[2021-09-05 12:24:16] 2021-09-05 12:24:16.982487 ::: OBJECT information is modified at ../CCD_new_files/Light_1x1/Leo_Triple-_Light_-_2021-02-08_-_FS60CB_STF-8300M_-_1bin/-_Light_R_2021-02-08-18-44-24_400sec_1x1_STF-8300M_-29C_1bin_wcs.fit...
[2021-09-05 12:24:16] 2021-09-05 12:24:16.996528 ::: fits header is update with ../CCD_new_files/Light_1x1/Leo_Triple-_Light_-_2021-02-08_-_FS60CB_STF-8300M_-_1bin/-_Light_R_2021-02-08-18-44-24_400sec_1x1_STF-8300M_-29C_1bin_wcs.fit ...
[2021-09-05 12:24:17] 2021-09-05 12:24:17.007924 ::: OBJECT information is modified at ../CCD_new_files/Light_1x1/Leo_Triple-_Light_-_2021-02-08_-_FS60CB_STF-8300M_-_1bin/-_Light_R_2021-02-08-18-51-35_400sec_1x1_STF-8300M_-29C_1bin_wcs.fit...
[2021-09-05 12:24:17] 2021-09-05 12:24:17.021934 ::: fits header is update with ../CCD_new_files/Light_1x1/Leo_Triple-_Light_-_2021-02-08_-_FS60CB_STF-8300M_-_1bin/-_Light_R_2021-02-08-18-51-35_400sec_1x1_STF-8300M_-29C_1bin_wcs.fit ...
[2021-09-05 12:46:59] 2021-09-05 12:46:59.282523 ::: OPTIC information is modified at ../CCD_new_files/LEO-triplet_Light_-_2021-02-08_-_FS60CB_STF-8300M_-_1bin/LEO_Light_B_2021-02-08-20-03-30_400sec_-_STF-8300M_-30C_1bin_wcs.fit...
[2021-09-05 12:46:59] 2021-09-05 12:46:59.306486 ::: OBJECT information is modified at ../CCD_new_files/LEO-triplet_Light_-_2021-02-08_-_FS60CB_STF-8300M_-_1bin/LEO_Light_B_2021-02-08-20-03-30_400sec_-_STF-8300M_-30C_1bin_wcs.fit...
[2021-09-05 12:46:59] 2021-09-05 12:46:59.353457 ::: fits header is update with ../CCD_new_files/LEO-triplet_Light_-_2021-02-08_-_FS60CB_STF-8300M_-_1bin/LEO_Light_B_2021-02-08-20-03-30_400sec_-_STF-8300M_-30C_1bin_wcs.fit ...
[2021-09-05 12:46:59] 2021-09-05 12:46:59.388885 ::: OPTIC information is modified at ../CCD_new_files/LEO-triplet_Light_-_2021-02-08_-_FS60CB_STF-8300M_-_1bin/LEO_Light_B_2021-02-08-20-10-41_400sec_-_STF-8300M_-30C_1bin_wcs.fit...
[2021-09-05 12:46:59] 2021-09-05 12:46:59.415827 ::: OBJECT information is modified at ../CCD_new_files/LEO-triplet_Light_-_2021-02-08_-_FS60CB_STF-8300M_-_1bin/LEO_Light_B_2021-02-08-20-10-41_400sec_-_STF-8300M_-30C_1bin_wcs.fit...
[2021-09-05 12:46:59] 2021-09-05 12:46:59.487814 ::: fits header is update with ../CCD_new_files/LEO-triplet_Light_-_2021-02-08_-_FS60CB_STF-8300M_-_1bin/LEO_Light_B_2021-02-08-20-10-41_400sec_-_STF-8300M_-30C_1bin_wcs.fit ...
[2021-09-05 12:46:59] 2021-09-05 12:46:59.531364 ::: OPTIC information is modified at ../CCD_new_files/LEO-triplet_Light_-_2021-02-08_-_FS60CB_STF-8300M_-_1bin/LEO_Light_B_2021-02-08-20-17-52_400sec_-_STF-8300M_-30C_1bin_wcs.fit...
[2021-09-05 12:46:59] 2021-09-05 12:46:59.553048 ::: OBJECT information is modified at ../CCD_new_files/LEO-triplet_Light_-_2021-02-08_-_FS60CB_STF-8300M_-_1bin/LEO_Light_B_2021-02-08-20-17-52_400sec_-_STF-8300M_-30C_1bin_wcs.fit...
[2021-09-05 12:46:59] 2021-09-05 12:46:59.616042 ::: fits header is update with ../CCD_new_files/LEO-triplet_Light_-_2021-02-08_-_FS60CB_STF-8300M_-_1bin/LEO_Light_B_2021-02-08-20-17-52_400sec_-_STF-8300M_-30C_1bin_wcs.fit ...
[2021-09-05 12:46:59] 2021-09-05 12:46:59.637836 ::: OPTIC information is modified at ../CCD_new_files/LEO-triplet_Light_-_2021-02-08_-_FS60CB_STF-8300M_-_1bin/LEO_Light_B_2021-02-08-20-25-15_400sec_-_STF-8300M_-29C_1bin_wcs.fit...
[2021-09-05 12:46:59] 2021-09-05 12:46:59.648105 ::: OBJECT information is modified at ../CCD_new_files/LEO-triplet_Light_-_2021-02-08_-_FS60CB_STF-8300M_-_1bin/LEO_Light_B_2021-02-08-20-25-15_400sec_-_STF-8300M_-29C_1bin_wcs.fit...
[2021-09-05 12:46:59] 2021-09-05 12:46:59.663046 ::: fits header is update with ../CCD_new_files/LEO-triplet_Light_-_2021-02-08_-_FS60CB_STF-8300M_-_1bin/LEO_Light_B_2021-02-08-20-25-15_400sec_-_STF-8300M_-29C_1bin_wcs.fit ...
[2021-09-05 12:46:59] 2021-09-05 12:46:59.685556 ::: OPTIC information is modified at ../CCD_new_files/LEO-triplet_Light_-_2021-02-08_-_FS60CB_STF-8300M_-_1bin/LEO_Light_B_2021-02-08-20-32-24_400sec_-_STF-8300M_-30C_1bin_wcs.fit...
[2021-09-05 12:46:59] 2021-09-05 12:46:59.697313 ::: OBJECT information is modified at ../CCD_new_files/LEO-triplet_Light_-_2021-02-08_-_FS60CB_STF-8300M_-_1bin/LEO_Light_B_2021-02-08-20-32-24_400sec_-_STF-8300M_-30C_1bin_wcs.fit...
[2021-09-05 12:46:59] 2021-09-05 12:46:59.748244 ::: fits header is update with ../CCD_new_files/LEO-triplet_Light_-_2021-02-08_-_FS60CB_STF-8300M_-_1bin/LEO_Light_B_2021-02-08-20-32-24_400sec_-_STF-8300M_-30C_1bin_wcs.fit ...
[2021-09-05 12:46:59] 2021-09-05 12:46:59.778568 ::: OPTIC information is modified at ../CCD_new_files/LEO-triplet_Light_-_2021-02-08_-_FS60CB_STF-8300M_-_1bin/LEO_Light_B_2021-02-08-20-39-33_400sec_-_STF-8300M_-30C_1bin_wcs.fit...
[2021-09-05 12:46:59] 2021-09-05 12:46:59.811933 ::: OBJECT information is modified at ../CCD_new_files/LEO-triplet_Light_-_2021-02-08_-_FS60CB_STF-8300M_-_1bin/LEO_Light_B_2021-02-08-20-39-33_400sec_-_STF-8300M_-30C_1bin_wcs.fit...
[2021-09-05 12:46:59] 2021-09-05 12:46:59.908439 ::: fits header is update with ../CCD_new_files/LEO-triplet_Light_-_2021-02-08_-_FS60CB_STF-8300M_-_1bin/LEO_Light_B_2021-02-08-20-39-33_400sec_-_STF-8300M_-30C_1bin_wcs.fit ...
[2021-09-05 12:46:59] 2021-09-05 12:46:59.927953 ::: OPTIC information is modified at ../CCD_new_files/LEO-triplet_Light_-_2021-02-08_-_FS60CB_STF-8300M_-_1bin/LEO_Light_B_2021-02-08-20-46-42_400sec_-_STF-8300M_-30C_1bin_wcs.fit...
[2021-09-05 12:46:59] 2021-09-05 12:46:59.939956 ::: OBJECT information is modified at ../CCD_new_files/LEO-triplet_Light_-_2021-02-08_-_FS60CB_STF-8300M_-_1bin/LEO_Light_B_2021-02-08-20-46-42_400sec_-_STF-8300M_-30C_1bin_wcs.fit...
[2021-09-05 12:46:59] 2021-09-05 12:46:59.979102 ::: fits header is update with ../CCD_new_files/LEO-triplet_Light_-_2021-02-08_-_FS60CB_STF-8300M_-_1bin/LEO_Light_B_2021-02-08-20-46-42_400sec_-_STF-8300M_-30C_1bin_wcs.fit ...
[2021-09-05 12:47:00] 2021-09-05 12:47:00.002985 ::: OPTIC information is modified at ../CCD_new_files/LEO-triplet_Light_-_2021-02-08_-_FS60CB_STF-8300M_-_1bin/LEO_Light_B_2021-02-08-20-53-52_400sec_-_STF-8300M_-29C_1bin_wcs.fit...
[2021-09-05 12:47:00] 2021-09-05 12:47:00.010571 ::: OBJECT information is modified at ../CCD_new_files/LEO-triplet_Light_-_2021-02-08_-_FS60CB_STF-8300M_-_1bin/LEO_Light_B_2021-02-08-20-53-52_400sec_-_STF-8300M_-29C_1bin_wcs.fit...
[2021-09-05 12:47:00] 2021-09-05 12:47:00.028764 ::: fits header is update with ../CCD_new_files/LEO-triplet_Light_-_2021-02-08_-_FS60CB_STF-8300M_-_1bin/LEO_Light_B_2021-02-08-20-53-52_400sec_-_STF-8300M_-29C_1bin_wcs.fit ...
[2021-09-05 12:47:00] 2021-09-05 12:47:00.050251 ::: OPTIC information is modified at ../CCD_new_files/LEO-triplet_Light_-_2021-02-08_-_FS60CB_STF-8300M_-_1bin/LEO_Light_G_2021-02-08-19-01-03_400sec_-_STF-8300M_-29C_1bin_wcs.fit...
[2021-09-05 12:47:00] 2021-09-05 12:47:00.065221 ::: OBJECT information is modified at ../CCD_new_files/LEO-triplet_Light_-_2021-02-08_-_FS60CB_STF-8300M_-_1bin/LEO_Light_G_2021-02-08-19-01-03_400sec_-_STF-8300M_-29C_1bin_wcs.fit...
[2021-09-05 12:47:00] 2021-09-05 12:47:00.083475 ::: fits header is update with ../CCD_new_files/LEO-triplet_Light_-_2021-02-08_-_FS60CB_STF-8300M_-_1bin/LEO_Light_G_2021-02-08-19-01-03_400sec_-_STF-8300M_-29C_1bin_wcs.fit ...
[2021-09-05 12:47:00] 2021-09-05 12:47:00.144195 ::: OPTIC information is modified at ../CCD_new_files/LEO-triplet_Light_-_2021-02-08_-_FS60CB_STF-8300M_-_1bin/LEO_Light_G_2021-02-08-19-08-12_400sec_-_STF-8300M_-29C_1bin_wcs.fit...
[2021-09-05 12:47:00] 2021-09-05 12:47:00.166785 ::: OBJECT information is modified at ../CCD_new_files/LEO-triplet_Light_-_2021-02-08_-_FS60CB_STF-8300M_-_1bin/LEO_Light_G_2021-02-08-19-08-12_400sec_-_STF-8300M_-29C_1bin_wcs.fit...
[2021-09-05 12:47:00] 2021-09-05 12:47:00.245571 ::: fits header is update with ../CCD_new_files/LEO-triplet_Light_-_2021-02-08_-_FS60CB_STF-8300M_-_1bin/LEO_Light_G_2021-02-08-19-08-12_400sec_-_STF-8300M_-29C_1bin_wcs.fit ...
[2021-09-05 12:47:00] 2021-09-05 12:47:00.270266 ::: OPTIC information is modified at ../CCD_new_files/LEO-triplet_Light_-_2021-02-08_-_FS60CB_STF-8300M_-_1bin/LEO_Light_G_2021-02-08-19-15-20_400sec_-_STF-8300M_-30C_1bin_wcs.fit...
[2021-09-05 12:47:00] 2021-09-05 12:47:00.273184 ::: OBJECT information is modified at ../CCD_new_files/LEO-triplet_Light_-_2021-02-08_-_FS60CB_STF-8300M_-_1bin/LEO_Light_G_2021-02-08-19-15-20_400sec_-_STF-8300M_-30C_1bin_wcs.fit...
[2021-09-05 12:47:00] 2021-09-05 12:47:00.290553 ::: fits header is update with ../CCD_new_files/LEO-triplet_Light_-_2021-02-08_-_FS60CB_STF-8300M_-_1bin/LEO_Light_G_2021-02-08-19-15-20_400sec_-_STF-8300M_-30C_1bin_wcs.fit ...
[2021-09-05 12:47:00] 2021-09-05 12:47:00.336910 ::: OPTIC information is modified at ../CCD_new_files/LEO-triplet_Light_-_2021-02-08_-_FS60CB_STF-8300M_-_1bin/LEO_Light_G_2021-02-08-19-22-30_400sec_-_STF-8300M_-30C_1bin_wcs.fit...
[2021-09-05 12:47:00] 2021-09-05 12:47:00.348414 ::: OBJECT information is modified at ../CCD_new_files/LEO-triplet_Light_-_2021-02-08_-_FS60CB_STF-8300M_-_1bin/LEO_Light_G_2021-02-08-19-22-30_400sec_-_STF-8300M_-30C_1bin_wcs.fit...
[2021-09-05 12:47:00] 2021-09-05 12:47:00.375422 ::: fits header is update with ../CCD_new_files/LEO-triplet_Light_-_2021-02-08_-_FS60CB_STF-8300M_-_1bin/LEO_Light_G_2021-02-08-19-22-30_400sec_-_STF-8300M_-30C_1bin_wcs.fit ...
[2021-09-05 12:47:00] 2021-09-05 12:47:00.401036 ::: OPTIC information is modified at ../CCD_new_files/LEO-triplet_Light_-_2021-02-08_-_FS60CB_STF-8300M_-_1bin/LEO_Light_G_2021-02-08-19-29-40_400sec_-_STF-8300M_-29C_1bin_wcs.fit...
[2021-09-05 12:47:00] 2021-09-05 12:47:00.414050 ::: OBJECT information is modified at ../CCD_new_files/LEO-triplet_Light_-_2021-02-08_-_FS60CB_STF-8300M_-_1bin/LEO_Light_G_2021-02-08-19-29-40_400sec_-_STF-8300M_-29C_1bin_wcs.fit...
[2021-09-05 12:47:00] 2021-09-05 12:47:00.439662 ::: fits header is update with ../CCD_new_files/LEO-triplet_Light_-_2021-02-08_-_FS60CB_STF-8300M_-_1bin/LEO_Light_G_2021-02-08-19-29-40_400sec_-_STF-8300M_-29C_1bin_wcs.fit ...
[2021-09-05 12:47:00] 2021-09-05 12:47:00.458567 ::: OPTIC information is modified at ../CCD_new_files/LEO-triplet_Light_-_2021-02-08_-_FS60CB_STF-8300M_-_1bin/LEO_Light_G_2021-02-08-19-36-50_400sec_-_STF-8300M_-29C_1bin_wcs.fit...
[2021-09-05 12:47:00] 2021-09-05 12:47:00.473410 ::: OBJECT information is modified at ../CCD_new_files/LEO-triplet_Light_-_2021-02-08_-_FS60CB_STF-8300M_-_1bin/LEO_Light_G_2021-02-08-19-36-50_400sec_-_STF-8300M_-29C_1bin_wcs.fit...
[2021-09-05 12:47:00] 2021-09-05 12:47:00.507327 ::: fits header is update with ../CCD_new_files/LEO-triplet_Light_-_2021-02-08_-_FS60CB_STF-8300M_-_1bin/LEO_Light_G_2021-02-08-19-36-50_400sec_-_STF-8300M_-29C_1bin_wcs.fit ...
[2021-09-05 12:47:00] 2021-09-05 12:47:00.527210 ::: OPTIC information is modified at ../CCD_new_files/LEO-triplet_Light_-_2021-02-08_-_FS60CB_STF-8300M_-_1bin/LEO_Light_G_2021-02-08-19-44-12_400sec_-_STF-8300M_-30C_1bin_wcs.fit...
[2021-09-05 12:47:00] 2021-09-05 12:47:00.539086 ::: OBJECT information is modified at ../CCD_new_files/LEO-triplet_Light_-_2021-02-08_-_FS60CB_STF-8300M_-_1bin/LEO_Light_G_2021-02-08-19-44-12_400sec_-_STF-8300M_-30C_1bin_wcs.fit...
[2021-09-05 12:47:00] 2021-09-05 12:47:00.557502 ::: fits header is update with ../CCD_new_files/LEO-triplet_Light_-_2021-02-08_-_FS60CB_STF-8300M_-_1bin/LEO_Light_G_2021-02-08-19-44-12_400sec_-_STF-8300M_-30C_1bin_wcs.fit ...
[2021-09-05 12:47:00] 2021-09-05 12:47:00.569233 ::: OPTIC information is modified at ../CCD_new_files/LEO-triplet_Light_-_2021-02-08_-_FS60CB_STF-8300M_-_1bin/LEO_Light_G_2021-02-08-19-51-21_400sec_-_STF-8300M_-29C_1bin_wcs.fit...
[2021-09-05 12:47:00] 2021-09-05 12:47:00.571421 ::: OBJECT information is modified at ../CCD_new_files/LEO-triplet_Light_-_2021-02-08_-_FS60CB_STF-8300M_-_1bin/LEO_Light_G_2021-02-08-19-51-21_400sec_-_STF-8300M_-29C_1bin_wcs.fit...
[2021-09-05 12:47:00] 2021-09-05 12:47:00.586602 ::: fits header is update with ../CCD_new_files/LEO-triplet_Light_-_2021-02-08_-_FS60CB_STF-8300M_-_1bin/LEO_Light_G_2021-02-08-19-51-21_400sec_-_STF-8300M_-29C_1bin_wcs.fit ...
[2021-09-05 12:47:00] 2021-09-05 12:47:00.608230 ::: OPTIC information is modified at ../CCD_new_files/LEO-triplet_Light_-_2021-02-08_-_FS60CB_STF-8300M_-_1bin/LEO_Light_L_2021-02-08-15-53-10_600sec_-_STF-8300M_-30C_1bin_wcs.fit...
[2021-09-05 12:47:00] 2021-09-05 12:47:00.619282 ::: OBJECT information is modified at ../CCD_new_files/LEO-triplet_Light_-_2021-02-08_-_FS60CB_STF-8300M_-_1bin/LEO_Light_L_2021-02-08-15-53-10_600sec_-_STF-8300M_-30C_1bin_wcs.fit...
[2021-09-05 12:47:00] 2021-09-05 12:47:00.662006 ::: fits header is update with ../CCD_new_files/LEO-triplet_Light_-_2021-02-08_-_FS60CB_STF-8300M_-_1bin/LEO_Light_L_2021-02-08-15-53-10_600sec_-_STF-8300M_-30C_1bin_wcs.fit ...
[2021-09-05 12:47:00] 2021-09-05 12:47:00.681835 ::: OPTIC information is modified at ../CCD_new_files/LEO-triplet_Light_-_2021-02-08_-_FS60CB_STF-8300M_-_1bin/LEO_Light_L_2021-02-08-16-13-44_600sec_-_STF-8300M_-30C_1bin_wcs.fit...
[2021-09-05 12:47:00] 2021-09-05 12:47:00.691586 ::: OBJECT information is modified at ../CCD_new_files/LEO-triplet_Light_-_2021-02-08_-_FS60CB_STF-8300M_-_1bin/LEO_Light_L_2021-02-08-16-13-44_600sec_-_STF-8300M_-30C_1bin_wcs.fit...
[2021-09-05 12:47:00] 2021-09-05 12:47:00.724499 ::: fits header is update with ../CCD_new_files/LEO-triplet_Light_-_2021-02-08_-_FS60CB_STF-8300M_-_1bin/LEO_Light_L_2021-02-08-16-13-44_600sec_-_STF-8300M_-30C_1bin_wcs.fit ...
[2021-09-05 12:47:00] 2021-09-05 12:47:00.744031 ::: OPTIC information is modified at ../CCD_new_files/LEO-triplet_Light_-_2021-02-08_-_FS60CB_STF-8300M_-_1bin/LEO_Light_L_2021-02-08-16-24-12_600sec_-_STF-8300M_-30C_1bin_wcs.fit...
[2021-09-05 12:47:00] 2021-09-05 12:47:00.746384 ::: OBJECT information is modified at ../CCD_new_files/LEO-triplet_Light_-_2021-02-08_-_FS60CB_STF-8300M_-_1bin/LEO_Light_L_2021-02-08-16-24-12_600sec_-_STF-8300M_-30C_1bin_wcs.fit...
[2021-09-05 12:47:00] 2021-09-05 12:47:00.770593 ::: fits header is update with ../CCD_new_files/LEO-triplet_Light_-_2021-02-08_-_FS60CB_STF-8300M_-_1bin/LEO_Light_L_2021-02-08-16-24-12_600sec_-_STF-8300M_-30C_1bin_wcs.fit ...
[2021-09-05 12:47:00] 2021-09-05 12:47:00.789032 ::: OPTIC information is modified at ../CCD_new_files/LEO-triplet_Light_-_2021-02-08_-_FS60CB_STF-8300M_-_1bin/LEO_Light_L_2021-02-08-16-34-42_600sec_-_STF-8300M_-29C_1bin_wcs.fit...
[2021-09-05 12:47:00] 2021-09-05 12:47:00.800762 ::: OBJECT information is modified at ../CCD_new_files/LEO-triplet_Light_-_2021-02-08_-_FS60CB_STF-8300M_-_1bin/LEO_Light_L_2021-02-08-16-34-42_600sec_-_STF-8300M_-29C_1bin_wcs.fit...
[2021-09-05 12:47:00] 2021-09-05 12:47:00.840296 ::: fits header is update with ../CCD_new_files/LEO-triplet_Light_-_2021-02-08_-_FS60CB_STF-8300M_-_1bin/LEO_Light_L_2021-02-08-16-34-42_600sec_-_STF-8300M_-29C_1bin_wcs.fit ...
[2021-09-05 12:47:00] 2021-09-05 12:47:00.859202 ::: OPTIC information is modified at ../CCD_new_files/LEO-triplet_Light_-_2021-02-08_-_FS60CB_STF-8300M_-_1bin/LEO_Light_L_2021-02-08-16-45-12_600sec_-_STF-8300M_-29C_1bin_wcs.fit...
[2021-09-05 12:47:00] 2021-09-05 12:47:00.868763 ::: OBJECT information is modified at ../CCD_new_files/LEO-triplet_Light_-_2021-02-08_-_FS60CB_STF-8300M_-_1bin/LEO_Light_L_2021-02-08-16-45-12_600sec_-_STF-8300M_-29C_1bin_wcs.fit...
[2021-09-05 12:47:00] 2021-09-05 12:47:00.888343 ::: fits header is update with ../CCD_new_files/LEO-triplet_Light_-_2021-02-08_-_FS60CB_STF-8300M_-_1bin/LEO_Light_L_2021-02-08-16-45-12_600sec_-_STF-8300M_-29C_1bin_wcs.fit ...
[2021-09-05 12:47:00] 2021-09-05 12:47:00.912894 ::: OPTIC information is modified at ../CCD_new_files/LEO-triplet_Light_-_2021-02-08_-_FS60CB_STF-8300M_-_1bin/LEO_Light_L_2021-02-08-16-55-44_600sec_-_STF-8300M_-30C_1bin_wcs.fit...
[2021-09-05 12:47:00] 2021-09-05 12:47:00.921782 ::: OBJECT information is modified at ../CCD_new_files/LEO-triplet_Light_-_2021-02-08_-_FS60CB_STF-8300M_-_1bin/LEO_Light_L_2021-02-08-16-55-44_600sec_-_STF-8300M_-30C_1bin_wcs.fit...
[2021-09-05 12:47:00] 2021-09-05 12:47:00.942763 ::: fits header is update with ../CCD_new_files/LEO-triplet_Light_-_2021-02-08_-_FS60CB_STF-8300M_-_1bin/LEO_Light_L_2021-02-08-16-55-44_600sec_-_STF-8300M_-30C_1bin_wcs.fit ...
[2021-09-05 12:47:00] 2021-09-05 12:47:00.958806 ::: OPTIC information is modified at ../CCD_new_files/LEO-triplet_Light_-_2021-02-08_-_FS60CB_STF-8300M_-_1bin/LEO_Light_L_2021-02-08-17-06-13_600sec_-_STF-8300M_-29C_1bin_wcs.fit...
[2021-09-05 12:47:00] 2021-09-05 12:47:00.961108 ::: OBJECT information is modified at ../CCD_new_files/LEO-triplet_Light_-_2021-02-08_-_FS60CB_STF-8300M_-_1bin/LEO_Light_L_2021-02-08-17-06-13_600sec_-_STF-8300M_-29C_1bin_wcs.fit...
[2021-09-05 12:47:00] 2021-09-05 12:47:00.981182 ::: fits header is update with ../CCD_new_files/LEO-triplet_Light_-_2021-02-08_-_FS60CB_STF-8300M_-_1bin/LEO_Light_L_2021-02-08-17-06-13_600sec_-_STF-8300M_-29C_1bin_wcs.fit ...
[2021-09-05 12:47:01] 2021-09-05 12:47:01.003717 ::: OPTIC information is modified at ../CCD_new_files/LEO-triplet_Light_-_2021-02-08_-_FS60CB_STF-8300M_-_1bin/LEO_Light_L_2021-02-08-17-16-45_600sec_-_STF-8300M_-29C_1bin_wcs.fit...
[2021-09-05 12:47:01] 2021-09-05 12:47:01.013486 ::: OBJECT information is modified at ../CCD_new_files/LEO-triplet_Light_-_2021-02-08_-_FS60CB_STF-8300M_-_1bin/LEO_Light_L_2021-02-08-17-16-45_600sec_-_STF-8300M_-29C_1bin_wcs.fit...
[2021-09-05 12:47:01] 2021-09-05 12:47:01.058582 ::: fits header is update with ../CCD_new_files/LEO-triplet_Light_-_2021-02-08_-_FS60CB_STF-8300M_-_1bin/LEO_Light_L_2021-02-08-17-16-45_600sec_-_STF-8300M_-29C_1bin_wcs.fit ...
[2021-09-05 12:47:01] 2021-09-05 12:47:01.078827 ::: OPTIC information is modified at ../CCD_new_files/LEO-triplet_Light_-_2021-02-08_-_FS60CB_STF-8300M_-_1bin/LEO_Light_L_2021-02-08-17-27-16_600sec_-_STF-8300M_-30C_1bin_wcs.fit...
[2021-09-05 12:47:01] 2021-09-05 12:47:01.090073 ::: OBJECT information is modified at ../CCD_new_files/LEO-triplet_Light_-_2021-02-08_-_FS60CB_STF-8300M_-_1bin/LEO_Light_L_2021-02-08-17-27-16_600sec_-_STF-8300M_-30C_1bin_wcs.fit...
[2021-09-05 12:47:01] 2021-09-05 12:47:01.112742 ::: fits header is update with ../CCD_new_files/LEO-triplet_Light_-_2021-02-08_-_FS60CB_STF-8300M_-_1bin/LEO_Light_L_2021-02-08-17-27-16_600sec_-_STF-8300M_-30C_1bin_wcs.fit ...
[2021-09-05 12:47:01] 2021-09-05 12:47:01.130088 ::: OPTIC information is modified at ../CCD_new_files/LEO-triplet_Light_-_2021-02-08_-_FS60CB_STF-8300M_-_1bin/LEO_Light_R_2021-02-08-18-01-12_400sec_-_STF-8300M_-30C_1bin_wcs.fit...
[2021-09-05 12:47:01] 2021-09-05 12:47:01.141410 ::: OBJECT information is modified at ../CCD_new_files/LEO-triplet_Light_-_2021-02-08_-_FS60CB_STF-8300M_-_1bin/LEO_Light_R_2021-02-08-18-01-12_400sec_-_STF-8300M_-30C_1bin_wcs.fit...
[2021-09-05 12:47:01] 2021-09-05 12:47:01.163550 ::: fits header is update with ../CCD_new_files/LEO-triplet_Light_-_2021-02-08_-_FS60CB_STF-8300M_-_1bin/LEO_Light_R_2021-02-08-18-01-12_400sec_-_STF-8300M_-30C_1bin_wcs.fit ...
[2021-09-05 12:47:01] 2021-09-05 12:47:01.181971 ::: OPTIC information is modified at ../CCD_new_files/LEO-triplet_Light_-_2021-02-08_-_FS60CB_STF-8300M_-_1bin/LEO_Light_R_2021-02-08-18-08-20_400sec_-_STF-8300M_-30C_1bin_wcs.fit...
[2021-09-05 12:47:01] 2021-09-05 12:47:01.189826 ::: OBJECT information is modified at ../CCD_new_files/LEO-triplet_Light_-_2021-02-08_-_FS60CB_STF-8300M_-_1bin/LEO_Light_R_2021-02-08-18-08-20_400sec_-_STF-8300M_-30C_1bin_wcs.fit...
[2021-09-05 12:47:01] 2021-09-05 12:47:01.205176 ::: fits header is update with ../CCD_new_files/LEO-triplet_Light_-_2021-02-08_-_FS60CB_STF-8300M_-_1bin/LEO_Light_R_2021-02-08-18-08-20_400sec_-_STF-8300M_-30C_1bin_wcs.fit ...
[2021-09-05 12:47:01] 2021-09-05 12:47:01.222305 ::: OPTIC information is modified at ../CCD_new_files/LEO-triplet_Light_-_2021-02-08_-_FS60CB_STF-8300M_-_1bin/LEO_Light_R_2021-02-08-18-15-44_400sec_-_STF-8300M_-30C_1bin_wcs.fit...
[2021-09-05 12:47:01] 2021-09-05 12:47:01.261804 ::: OBJECT information is modified at ../CCD_new_files/LEO-triplet_Light_-_2021-02-08_-_FS60CB_STF-8300M_-_1bin/LEO_Light_R_2021-02-08-18-15-44_400sec_-_STF-8300M_-30C_1bin_wcs.fit...
[2021-09-05 12:47:01] 2021-09-05 12:47:01.311162 ::: fits header is update with ../CCD_new_files/LEO-triplet_Light_-_2021-02-08_-_FS60CB_STF-8300M_-_1bin/LEO_Light_R_2021-02-08-18-15-44_400sec_-_STF-8300M_-30C_1bin_wcs.fit ...
[2021-09-05 12:47:01] 2021-09-05 12:47:01.336457 ::: OPTIC information is modified at ../CCD_new_files/LEO-triplet_Light_-_2021-02-08_-_FS60CB_STF-8300M_-_1bin/LEO_Light_R_2021-02-08-18-22-54_400sec_-_STF-8300M_-30C_1bin_wcs.fit...
[2021-09-05 12:47:01] 2021-09-05 12:47:01.350533 ::: OBJECT information is modified at ../CCD_new_files/LEO-triplet_Light_-_2021-02-08_-_FS60CB_STF-8300M_-_1bin/LEO_Light_R_2021-02-08-18-22-54_400sec_-_STF-8300M_-30C_1bin_wcs.fit...
[2021-09-05 12:47:01] 2021-09-05 12:47:01.371993 ::: fits header is update with ../CCD_new_files/LEO-triplet_Light_-_2021-02-08_-_FS60CB_STF-8300M_-_1bin/LEO_Light_R_2021-02-08-18-22-54_400sec_-_STF-8300M_-30C_1bin_wcs.fit ...
[2021-09-05 12:47:01] 2021-09-05 12:47:01.393940 ::: OPTIC information is modified at ../CCD_new_files/LEO-triplet_Light_-_2021-02-08_-_FS60CB_STF-8300M_-_1bin/LEO_Light_R_2021-02-08-18-30-04_400sec_-_STF-8300M_-29C_1bin_wcs.fit...
[2021-09-05 12:47:01] 2021-09-05 12:47:01.405074 ::: OBJECT information is modified at ../CCD_new_files/LEO-triplet_Light_-_2021-02-08_-_FS60CB_STF-8300M_-_1bin/LEO_Light_R_2021-02-08-18-30-04_400sec_-_STF-8300M_-29C_1bin_wcs.fit...
[2021-09-05 12:47:01] 2021-09-05 12:47:01.428447 ::: fits header is update with ../CCD_new_files/LEO-triplet_Light_-_2021-02-08_-_FS60CB_STF-8300M_-_1bin/LEO_Light_R_2021-02-08-18-30-04_400sec_-_STF-8300M_-29C_1bin_wcs.fit ...
[2021-09-05 12:47:01] 2021-09-05 12:47:01.449786 ::: OPTIC information is modified at ../CCD_new_files/LEO-triplet_Light_-_2021-02-08_-_FS60CB_STF-8300M_-_1bin/LEO_Light_R_2021-02-08-18-37-15_400sec_-_STF-8300M_-29C_1bin_wcs.fit...
[2021-09-05 12:47:01] 2021-09-05 12:47:01.461814 ::: OBJECT information is modified at ../CCD_new_files/LEO-triplet_Light_-_2021-02-08_-_FS60CB_STF-8300M_-_1bin/LEO_Light_R_2021-02-08-18-37-15_400sec_-_STF-8300M_-29C_1bin_wcs.fit...
[2021-09-05 12:47:01] 2021-09-05 12:47:01.477973 ::: fits header is update with ../CCD_new_files/LEO-triplet_Light_-_2021-02-08_-_FS60CB_STF-8300M_-_1bin/LEO_Light_R_2021-02-08-18-37-15_400sec_-_STF-8300M_-29C_1bin_wcs.fit ...
[2021-09-05 12:47:01] 2021-09-05 12:47:01.503665 ::: OPTIC information is modified at ../CCD_new_files/LEO-triplet_Light_-_2021-02-08_-_FS60CB_STF-8300M_-_1bin/LEO_Light_R_2021-02-08-18-44-24_400sec_-_STF-8300M_-29C_1bin_wcs.fit...
[2021-09-05 12:47:01] 2021-09-05 12:47:01.509114 ::: OBJECT information is modified at ../CCD_new_files/LEO-triplet_Light_-_2021-02-08_-_FS60CB_STF-8300M_-_1bin/LEO_Light_R_2021-02-08-18-44-24_400sec_-_STF-8300M_-29C_1bin_wcs.fit...
[2021-09-05 12:47:01] 2021-09-05 12:47:01.529406 ::: fits header is update with ../CCD_new_files/LEO-triplet_Light_-_2021-02-08_-_FS60CB_STF-8300M_-_1bin/LEO_Light_R_2021-02-08-18-44-24_400sec_-_STF-8300M_-29C_1bin_wcs.fit ...
[2021-09-05 12:47:01] 2021-09-05 12:47:01.546845 ::: OPTIC information is modified at ../CCD_new_files/LEO-triplet_Light_-_2021-02-08_-_FS60CB_STF-8300M_-_1bin/LEO_Light_R_2021-02-08-18-51-35_400sec_-_STF-8300M_-29C_1bin_wcs.fit...
[2021-09-05 12:47:01] 2021-09-05 12:47:01.554558 ::: OBJECT information is modified at ../CCD_new_files/LEO-triplet_Light_-_2021-02-08_-_FS60CB_STF-8300M_-_1bin/LEO_Light_R_2021-02-08-18-51-35_400sec_-_STF-8300M_-29C_1bin_wcs.fit...
[2021-09-05 12:47:01] 2021-09-05 12:47:01.582167 ::: fits header is update with ../CCD_new_files/LEO-triplet_Light_-_2021-02-08_-_FS60CB_STF-8300M_-_1bin/LEO_Light_R_2021-02-08-18-51-35_400sec_-_STF-8300M_-29C_1bin_wcs.fit ...
[2021-09-05 12:47:01] 2021-09-05 12:47:01.595368 ::: OPTIC information is modified at ../CCD_new_files/LEO_Light_-_2021-02-08_-_-_STF-8300M_-_1bin/LEO_Light_B_2021-02-08-20-03-30_400sec_-_STF-8300M_-30C_1bin_wcs.fit...
[2021-09-05 12:47:01] 2021-09-05 12:47:01.598367 ::: OBJECT information is modified at ../CCD_new_files/LEO_Light_-_2021-02-08_-_-_STF-8300M_-_1bin/LEO_Light_B_2021-02-08-20-03-30_400sec_-_STF-8300M_-30C_1bin_wcs.fit...
[2021-09-05 12:47:01] 2021-09-05 12:47:01.613083 ::: fits header is update with ../CCD_new_files/LEO_Light_-_2021-02-08_-_-_STF-8300M_-_1bin/LEO_Light_B_2021-02-08-20-03-30_400sec_-_STF-8300M_-30C_1bin_wcs.fit ...
[2021-09-05 12:47:01] 2021-09-05 12:47:01.634569 ::: OPTIC information is modified at ../CCD_new_files/LEO_Light_-_2021-02-08_-_-_STF-8300M_-_1bin/LEO_Light_B_2021-02-08-20-10-41_400sec_-_STF-8300M_-30C_1bin_wcs.fit...
[2021-09-05 12:47:01] 2021-09-05 12:47:01.645648 ::: OBJECT information is modified at ../CCD_new_files/LEO_Light_-_2021-02-08_-_-_STF-8300M_-_1bin/LEO_Light_B_2021-02-08-20-10-41_400sec_-_STF-8300M_-30C_1bin_wcs.fit...
[2021-09-05 12:47:01] 2021-09-05 12:47:01.710471 ::: fits header is update with ../CCD_new_files/LEO_Light_-_2021-02-08_-_-_STF-8300M_-_1bin/LEO_Light_B_2021-02-08-20-10-41_400sec_-_STF-8300M_-30C_1bin_wcs.fit ...
[2021-09-05 12:47:01] 2021-09-05 12:47:01.726462 ::: OPTIC information is modified at ../CCD_new_files/LEO_Light_-_2021-02-08_-_-_STF-8300M_-_1bin/LEO_Light_B_2021-02-08-20-17-52_400sec_-_STF-8300M_-30C_1bin_wcs.fit...
[2021-09-05 12:47:01] 2021-09-05 12:47:01.735537 ::: OBJECT information is modified at ../CCD_new_files/LEO_Light_-_2021-02-08_-_-_STF-8300M_-_1bin/LEO_Light_B_2021-02-08-20-17-52_400sec_-_STF-8300M_-30C_1bin_wcs.fit...
[2021-09-05 12:47:01] 2021-09-05 12:47:01.754628 ::: fits header is update with ../CCD_new_files/LEO_Light_-_2021-02-08_-_-_STF-8300M_-_1bin/LEO_Light_B_2021-02-08-20-17-52_400sec_-_STF-8300M_-30C_1bin_wcs.fit ...
[2021-09-05 12:47:01] 2021-09-05 12:47:01.768425 ::: OPTIC information is modified at ../CCD_new_files/LEO_Light_-_2021-02-08_-_-_STF-8300M_-_1bin/LEO_Light_B_2021-02-08-20-25-15_400sec_-_STF-8300M_-29C_1bin_wcs.fit...
[2021-09-05 12:47:01] 2021-09-05 12:47:01.770919 ::: OBJECT information is modified at ../CCD_new_files/LEO_Light_-_2021-02-08_-_-_STF-8300M_-_1bin/LEO_Light_B_2021-02-08-20-25-15_400sec_-_STF-8300M_-29C_1bin_wcs.fit...
[2021-09-05 12:47:01] 2021-09-05 12:47:01.786994 ::: fits header is update with ../CCD_new_files/LEO_Light_-_2021-02-08_-_-_STF-8300M_-_1bin/LEO_Light_B_2021-02-08-20-25-15_400sec_-_STF-8300M_-29C_1bin_wcs.fit ...
[2021-09-05 12:47:01] 2021-09-05 12:47:01.806545 ::: OPTIC information is modified at ../CCD_new_files/LEO_Light_-_2021-02-08_-_-_STF-8300M_-_1bin/LEO_Light_B_2021-02-08-20-32-24_400sec_-_STF-8300M_-30C_1bin_wcs.fit...
[2021-09-05 12:47:01] 2021-09-05 12:47:01.818176 ::: OBJECT information is modified at ../CCD_new_files/LEO_Light_-_2021-02-08_-_-_STF-8300M_-_1bin/LEO_Light_B_2021-02-08-20-32-24_400sec_-_STF-8300M_-30C_1bin_wcs.fit...
[2021-09-05 12:47:01] 2021-09-05 12:47:01.863049 ::: fits header is update with ../CCD_new_files/LEO_Light_-_2021-02-08_-_-_STF-8300M_-_1bin/LEO_Light_B_2021-02-08-20-32-24_400sec_-_STF-8300M_-30C_1bin_wcs.fit ...
[2021-09-05 12:47:01] 2021-09-05 12:47:01.885163 ::: OPTIC information is modified at ../CCD_new_files/LEO_Light_-_2021-02-08_-_-_STF-8300M_-_1bin/LEO_Light_B_2021-02-08-20-39-33_400sec_-_STF-8300M_-30C_1bin_wcs.fit...
[2021-09-05 12:47:01] 2021-09-05 12:47:01.897572 ::: OBJECT information is modified at ../CCD_new_files/LEO_Light_-_2021-02-08_-_-_STF-8300M_-_1bin/LEO_Light_B_2021-02-08-20-39-33_400sec_-_STF-8300M_-30C_1bin_wcs.fit...
[2021-09-05 12:47:01] 2021-09-05 12:47:01.915410 ::: fits header is update with ../CCD_new_files/LEO_Light_-_2021-02-08_-_-_STF-8300M_-_1bin/LEO_Light_B_2021-02-08-20-39-33_400sec_-_STF-8300M_-30C_1bin_wcs.fit ...
[2021-09-05 12:47:01] 2021-09-05 12:47:01.933213 ::: OPTIC information is modified at ../CCD_new_files/LEO_Light_-_2021-02-08_-_-_STF-8300M_-_1bin/LEO_Light_B_2021-02-08-20-46-42_400sec_-_STF-8300M_-30C_1bin_wcs.fit...
[2021-09-05 12:47:01] 2021-09-05 12:47:01.937113 ::: OBJECT information is modified at ../CCD_new_files/LEO_Light_-_2021-02-08_-_-_STF-8300M_-_1bin/LEO_Light_B_2021-02-08-20-46-42_400sec_-_STF-8300M_-30C_1bin_wcs.fit...
[2021-09-05 12:47:01] 2021-09-05 12:47:01.972324 ::: fits header is update with ../CCD_new_files/LEO_Light_-_2021-02-08_-_-_STF-8300M_-_1bin/LEO_Light_B_2021-02-08-20-46-42_400sec_-_STF-8300M_-30C_1bin_wcs.fit ...
[2021-09-05 12:47:01] 2021-09-05 12:47:01.988332 ::: OPTIC information is modified at ../CCD_new_files/LEO_Light_-_2021-02-08_-_-_STF-8300M_-_1bin/LEO_Light_B_2021-02-08-20-53-52_400sec_-_STF-8300M_-29C_1bin_wcs.fit...
[2021-09-05 12:47:01] 2021-09-05 12:47:01.998148 ::: OBJECT information is modified at ../CCD_new_files/LEO_Light_-_2021-02-08_-_-_STF-8300M_-_1bin/LEO_Light_B_2021-02-08-20-53-52_400sec_-_STF-8300M_-29C_1bin_wcs.fit...
[2021-09-05 12:47:02] 2021-09-05 12:47:02.045628 ::: fits header is update with ../CCD_new_files/LEO_Light_-_2021-02-08_-_-_STF-8300M_-_1bin/LEO_Light_B_2021-02-08-20-53-52_400sec_-_STF-8300M_-29C_1bin_wcs.fit ...
[2021-09-05 12:47:02] 2021-09-05 12:47:02.080537 ::: OPTIC information is modified at ../CCD_new_files/LEO_Light_-_2021-02-08_-_-_STF-8300M_-_1bin/LEO_Light_G_2021-02-08-19-01-03_400sec_-_STF-8300M_-29C_1bin_wcs.fit...
[2021-09-05 12:47:02] 2021-09-05 12:47:02.083512 ::: OBJECT information is modified at ../CCD_new_files/LEO_Light_-_2021-02-08_-_-_STF-8300M_-_1bin/LEO_Light_G_2021-02-08-19-01-03_400sec_-_STF-8300M_-29C_1bin_wcs.fit...
[2021-09-05 12:47:02] 2021-09-05 12:47:02.138460 ::: fits header is update with ../CCD_new_files/LEO_Light_-_2021-02-08_-_-_STF-8300M_-_1bin/LEO_Light_G_2021-02-08-19-01-03_400sec_-_STF-8300M_-29C_1bin_wcs.fit ...
[2021-09-05 12:47:02] 2021-09-05 12:47:02.156841 ::: OPTIC information is modified at ../CCD_new_files/LEO_Light_-_2021-02-08_-_-_STF-8300M_-_1bin/LEO_Light_G_2021-02-08-19-08-12_400sec_-_STF-8300M_-29C_1bin_wcs.fit...
[2021-09-05 12:47:02] 2021-09-05 12:47:02.167193 ::: OBJECT information is modified at ../CCD_new_files/LEO_Light_-_2021-02-08_-_-_STF-8300M_-_1bin/LEO_Light_G_2021-02-08-19-08-12_400sec_-_STF-8300M_-29C_1bin_wcs.fit...
[2021-09-05 12:47:02] 2021-09-05 12:47:02.184689 ::: fits header is update with ../CCD_new_files/LEO_Light_-_2021-02-08_-_-_STF-8300M_-_1bin/LEO_Light_G_2021-02-08-19-08-12_400sec_-_STF-8300M_-29C_1bin_wcs.fit ...
[2021-09-05 12:47:02] 2021-09-05 12:47:02.196446 ::: OPTIC information is modified at ../CCD_new_files/LEO_Light_-_2021-02-08_-_-_STF-8300M_-_1bin/LEO_Light_G_2021-02-08-19-15-20_400sec_-_STF-8300M_-30C_1bin_wcs.fit...
[2021-09-05 12:47:02] 2021-09-05 12:47:02.198373 ::: OBJECT information is modified at ../CCD_new_files/LEO_Light_-_2021-02-08_-_-_STF-8300M_-_1bin/LEO_Light_G_2021-02-08-19-15-20_400sec_-_STF-8300M_-30C_1bin_wcs.fit...
[2021-09-05 12:47:02] 2021-09-05 12:47:02.213360 ::: fits header is update with ../CCD_new_files/LEO_Light_-_2021-02-08_-_-_STF-8300M_-_1bin/LEO_Light_G_2021-02-08-19-15-20_400sec_-_STF-8300M_-30C_1bin_wcs.fit ...
[2021-09-05 12:47:02] 2021-09-05 12:47:02.235481 ::: OPTIC information is modified at ../CCD_new_files/LEO_Light_-_2021-02-08_-_-_STF-8300M_-_1bin/LEO_Light_G_2021-02-08-19-22-30_400sec_-_STF-8300M_-30C_1bin_wcs.fit...
[2021-09-05 12:47:02] 2021-09-05 12:47:02.246818 ::: OBJECT information is modified at ../CCD_new_files/LEO_Light_-_2021-02-08_-_-_STF-8300M_-_1bin/LEO_Light_G_2021-02-08-19-22-30_400sec_-_STF-8300M_-30C_1bin_wcs.fit...
[2021-09-05 12:47:02] 2021-09-05 12:47:02.291264 ::: fits header is update with ../CCD_new_files/LEO_Light_-_2021-02-08_-_-_STF-8300M_-_1bin/LEO_Light_G_2021-02-08-19-22-30_400sec_-_STF-8300M_-30C_1bin_wcs.fit ...
[2021-09-05 12:47:02] 2021-09-05 12:47:02.316837 ::: OPTIC information is modified at ../CCD_new_files/LEO_Light_-_2021-02-08_-_-_STF-8300M_-_1bin/LEO_Light_G_2021-02-08-19-29-40_400sec_-_STF-8300M_-29C_1bin_wcs.fit...
[2021-09-05 12:47:02] 2021-09-05 12:47:02.327075 ::: OBJECT information is modified at ../CCD_new_files/LEO_Light_-_2021-02-08_-_-_STF-8300M_-_1bin/LEO_Light_G_2021-02-08-19-29-40_400sec_-_STF-8300M_-29C_1bin_wcs.fit...
[2021-09-05 12:47:02] 2021-09-05 12:47:02.361137 ::: fits header is update with ../CCD_new_files/LEO_Light_-_2021-02-08_-_-_STF-8300M_-_1bin/LEO_Light_G_2021-02-08-19-29-40_400sec_-_STF-8300M_-29C_1bin_wcs.fit ...
[2021-09-05 12:47:02] 2021-09-05 12:47:02.375805 ::: OPTIC information is modified at ../CCD_new_files/LEO_Light_-_2021-02-08_-_-_STF-8300M_-_1bin/LEO_Light_G_2021-02-08-19-36-50_400sec_-_STF-8300M_-29C_1bin_wcs.fit...
[2021-09-05 12:47:02] 2021-09-05 12:47:02.377514 ::: OBJECT information is modified at ../CCD_new_files/LEO_Light_-_2021-02-08_-_-_STF-8300M_-_1bin/LEO_Light_G_2021-02-08-19-36-50_400sec_-_STF-8300M_-29C_1bin_wcs.fit...
[2021-09-05 12:47:02] 2021-09-05 12:47:02.393361 ::: fits header is update with ../CCD_new_files/LEO_Light_-_2021-02-08_-_-_STF-8300M_-_1bin/LEO_Light_G_2021-02-08-19-36-50_400sec_-_STF-8300M_-29C_1bin_wcs.fit ...
[2021-09-05 12:47:02] 2021-09-05 12:47:02.409334 ::: OPTIC information is modified at ../CCD_new_files/LEO_Light_-_2021-02-08_-_-_STF-8300M_-_1bin/LEO_Light_G_2021-02-08-19-44-12_400sec_-_STF-8300M_-30C_1bin_wcs.fit...
[2021-09-05 12:47:02] 2021-09-05 12:47:02.421572 ::: OBJECT information is modified at ../CCD_new_files/LEO_Light_-_2021-02-08_-_-_STF-8300M_-_1bin/LEO_Light_G_2021-02-08-19-44-12_400sec_-_STF-8300M_-30C_1bin_wcs.fit...
[2021-09-05 12:47:02] 2021-09-05 12:47:02.437114 ::: fits header is update with ../CCD_new_files/LEO_Light_-_2021-02-08_-_-_STF-8300M_-_1bin/LEO_Light_G_2021-02-08-19-44-12_400sec_-_STF-8300M_-30C_1bin_wcs.fit ...
[2021-09-05 12:47:02] 2021-09-05 12:47:02.449089 ::: OPTIC information is modified at ../CCD_new_files/LEO_Light_-_2021-02-08_-_-_STF-8300M_-_1bin/LEO_Light_G_2021-02-08-19-51-21_400sec_-_STF-8300M_-29C_1bin_wcs.fit...
[2021-09-05 12:47:02] 2021-09-05 12:47:02.450624 ::: OBJECT information is modified at ../CCD_new_files/LEO_Light_-_2021-02-08_-_-_STF-8300M_-_1bin/LEO_Light_G_2021-02-08-19-51-21_400sec_-_STF-8300M_-29C_1bin_wcs.fit...
[2021-09-05 12:47:02] 2021-09-05 12:47:02.465115 ::: fits header is update with ../CCD_new_files/LEO_Light_-_2021-02-08_-_-_STF-8300M_-_1bin/LEO_Light_G_2021-02-08-19-51-21_400sec_-_STF-8300M_-29C_1bin_wcs.fit ...
[2021-09-05 12:47:02] 2021-09-05 12:47:02.480517 ::: OPTIC information is modified at ../CCD_new_files/LEO_Light_-_2021-02-08_-_-_STF-8300M_-_1bin/LEO_Light_L_2021-02-08-15-53-10_600sec_-_STF-8300M_-30C_1bin_wcs.fit...
[2021-09-05 12:47:02] 2021-09-05 12:47:02.493534 ::: OBJECT information is modified at ../CCD_new_files/LEO_Light_-_2021-02-08_-_-_STF-8300M_-_1bin/LEO_Light_L_2021-02-08-15-53-10_600sec_-_STF-8300M_-30C_1bin_wcs.fit...
[2021-09-05 12:47:02] 2021-09-05 12:47:02.530534 ::: fits header is update with ../CCD_new_files/LEO_Light_-_2021-02-08_-_-_STF-8300M_-_1bin/LEO_Light_L_2021-02-08-15-53-10_600sec_-_STF-8300M_-30C_1bin_wcs.fit ...
[2021-09-05 12:47:02] 2021-09-05 12:47:02.546089 ::: OPTIC information is modified at ../CCD_new_files/LEO_Light_-_2021-02-08_-_-_STF-8300M_-_1bin/LEO_Light_L_2021-02-08-16-13-44_600sec_-_STF-8300M_-30C_1bin_wcs.fit...
[2021-09-05 12:47:02] 2021-09-05 12:47:02.557900 ::: OBJECT information is modified at ../CCD_new_files/LEO_Light_-_2021-02-08_-_-_STF-8300M_-_1bin/LEO_Light_L_2021-02-08-16-13-44_600sec_-_STF-8300M_-30C_1bin_wcs.fit...
[2021-09-05 12:47:02] 2021-09-05 12:47:02.588700 ::: fits header is update with ../CCD_new_files/LEO_Light_-_2021-02-08_-_-_STF-8300M_-_1bin/LEO_Light_L_2021-02-08-16-13-44_600sec_-_STF-8300M_-30C_1bin_wcs.fit ...
[2021-09-05 12:47:02] 2021-09-05 12:47:02.612520 ::: OPTIC information is modified at ../CCD_new_files/LEO_Light_-_2021-02-08_-_-_STF-8300M_-_1bin/LEO_Light_L_2021-02-08-16-24-12_600sec_-_STF-8300M_-30C_1bin_wcs.fit...
[2021-09-05 12:47:02] 2021-09-05 12:47:02.627483 ::: OBJECT information is modified at ../CCD_new_files/LEO_Light_-_2021-02-08_-_-_STF-8300M_-_1bin/LEO_Light_L_2021-02-08-16-24-12_600sec_-_STF-8300M_-30C_1bin_wcs.fit...
[2021-09-05 12:47:02] 2021-09-05 12:47:02.676866 ::: fits header is update with ../CCD_new_files/LEO_Light_-_2021-02-08_-_-_STF-8300M_-_1bin/LEO_Light_L_2021-02-08-16-24-12_600sec_-_STF-8300M_-30C_1bin_wcs.fit ...
[2021-09-05 12:47:02] 2021-09-05 12:47:02.714173 ::: OPTIC information is modified at ../CCD_new_files/LEO_Light_-_2021-02-08_-_-_STF-8300M_-_1bin/LEO_Light_L_2021-02-08-16-34-42_600sec_-_STF-8300M_-29C_1bin_wcs.fit...
[2021-09-05 12:47:02] 2021-09-05 12:47:02.745635 ::: OBJECT information is modified at ../CCD_new_files/LEO_Light_-_2021-02-08_-_-_STF-8300M_-_1bin/LEO_Light_L_2021-02-08-16-34-42_600sec_-_STF-8300M_-29C_1bin_wcs.fit...
[2021-09-05 12:47:02] 2021-09-05 12:47:02.792970 ::: fits header is update with ../CCD_new_files/LEO_Light_-_2021-02-08_-_-_STF-8300M_-_1bin/LEO_Light_L_2021-02-08-16-34-42_600sec_-_STF-8300M_-29C_1bin_wcs.fit ...
[2021-09-05 12:47:02] 2021-09-05 12:47:02.835820 ::: OPTIC information is modified at ../CCD_new_files/LEO_Light_-_2021-02-08_-_-_STF-8300M_-_1bin/LEO_Light_L_2021-02-08-16-45-12_600sec_-_STF-8300M_-29C_1bin_wcs.fit...
[2021-09-05 12:47:02] 2021-09-05 12:47:02.842399 ::: OBJECT information is modified at ../CCD_new_files/LEO_Light_-_2021-02-08_-_-_STF-8300M_-_1bin/LEO_Light_L_2021-02-08-16-45-12_600sec_-_STF-8300M_-29C_1bin_wcs.fit...
[2021-09-05 12:47:02] 2021-09-05 12:47:02.860528 ::: fits header is update with ../CCD_new_files/LEO_Light_-_2021-02-08_-_-_STF-8300M_-_1bin/LEO_Light_L_2021-02-08-16-45-12_600sec_-_STF-8300M_-29C_1bin_wcs.fit ...
[2021-09-05 12:47:02] 2021-09-05 12:47:02.887797 ::: OPTIC information is modified at ../CCD_new_files/LEO_Light_-_2021-02-08_-_-_STF-8300M_-_1bin/LEO_Light_L_2021-02-08-16-55-44_600sec_-_STF-8300M_-30C_1bin_wcs.fit...
[2021-09-05 12:47:02] 2021-09-05 12:47:02.907292 ::: OBJECT information is modified at ../CCD_new_files/LEO_Light_-_2021-02-08_-_-_STF-8300M_-_1bin/LEO_Light_L_2021-02-08-16-55-44_600sec_-_STF-8300M_-30C_1bin_wcs.fit...
[2021-09-05 12:47:02] 2021-09-05 12:47:02.945271 ::: fits header is update with ../CCD_new_files/LEO_Light_-_2021-02-08_-_-_STF-8300M_-_1bin/LEO_Light_L_2021-02-08-16-55-44_600sec_-_STF-8300M_-30C_1bin_wcs.fit ...
[2021-09-05 12:47:02] 2021-09-05 12:47:02.961782 ::: OPTIC information is modified at ../CCD_new_files/LEO_Light_-_2021-02-08_-_-_STF-8300M_-_1bin/LEO_Light_L_2021-02-08-17-06-13_600sec_-_STF-8300M_-29C_1bin_wcs.fit...
[2021-09-05 12:47:02] 2021-09-05 12:47:02.971077 ::: OBJECT information is modified at ../CCD_new_files/LEO_Light_-_2021-02-08_-_-_STF-8300M_-_1bin/LEO_Light_L_2021-02-08-17-06-13_600sec_-_STF-8300M_-29C_1bin_wcs.fit...
[2021-09-05 12:47:02] 2021-09-05 12:47:02.992605 ::: fits header is update with ../CCD_new_files/LEO_Light_-_2021-02-08_-_-_STF-8300M_-_1bin/LEO_Light_L_2021-02-08-17-06-13_600sec_-_STF-8300M_-29C_1bin_wcs.fit ...
[2021-09-05 12:47:03] 2021-09-05 12:47:03.007509 ::: OPTIC information is modified at ../CCD_new_files/LEO_Light_-_2021-02-08_-_-_STF-8300M_-_1bin/LEO_Light_L_2021-02-08-17-16-45_600sec_-_STF-8300M_-29C_1bin_wcs.fit...
[2021-09-05 12:47:03] 2021-09-05 12:47:03.010421 ::: OBJECT information is modified at ../CCD_new_files/LEO_Light_-_2021-02-08_-_-_STF-8300M_-_1bin/LEO_Light_L_2021-02-08-17-16-45_600sec_-_STF-8300M_-29C_1bin_wcs.fit...
[2021-09-05 12:47:03] 2021-09-05 12:47:03.026002 ::: fits header is update with ../CCD_new_files/LEO_Light_-_2021-02-08_-_-_STF-8300M_-_1bin/LEO_Light_L_2021-02-08-17-16-45_600sec_-_STF-8300M_-29C_1bin_wcs.fit ...
[2021-09-05 12:47:03] 2021-09-05 12:47:03.049577 ::: OPTIC information is modified at ../CCD_new_files/LEO_Light_-_2021-02-08_-_-_STF-8300M_-_1bin/LEO_Light_L_2021-02-08-17-27-16_600sec_-_STF-8300M_-30C_1bin_wcs.fit...
[2021-09-05 12:47:03] 2021-09-05 12:47:03.058795 ::: OBJECT information is modified at ../CCD_new_files/LEO_Light_-_2021-02-08_-_-_STF-8300M_-_1bin/LEO_Light_L_2021-02-08-17-27-16_600sec_-_STF-8300M_-30C_1bin_wcs.fit...
[2021-09-05 12:47:03] 2021-09-05 12:47:03.077756 ::: fits header is update with ../CCD_new_files/LEO_Light_-_2021-02-08_-_-_STF-8300M_-_1bin/LEO_Light_L_2021-02-08-17-27-16_600sec_-_STF-8300M_-30C_1bin_wcs.fit ...
[2021-09-05 12:47:03] 2021-09-05 12:47:03.098038 ::: OPTIC information is modified at ../CCD_new_files/LEO_Light_-_2021-02-08_-_-_STF-8300M_-_1bin/LEO_Light_R_2021-02-08-18-01-12_400sec_-_STF-8300M_-30C_1bin_wcs.fit...
[2021-09-05 12:47:03] 2021-09-05 12:47:03.108934 ::: OBJECT information is modified at ../CCD_new_files/LEO_Light_-_2021-02-08_-_-_STF-8300M_-_1bin/LEO_Light_R_2021-02-08-18-01-12_400sec_-_STF-8300M_-30C_1bin_wcs.fit...
[2021-09-05 12:47:03] 2021-09-05 12:47:03.130299 ::: fits header is update with ../CCD_new_files/LEO_Light_-_2021-02-08_-_-_STF-8300M_-_1bin/LEO_Light_R_2021-02-08-18-01-12_400sec_-_STF-8300M_-30C_1bin_wcs.fit ...
[2021-09-05 12:47:03] 2021-09-05 12:47:03.146512 ::: OPTIC information is modified at ../CCD_new_files/LEO_Light_-_2021-02-08_-_-_STF-8300M_-_1bin/LEO_Light_R_2021-02-08-18-08-20_400sec_-_STF-8300M_-30C_1bin_wcs.fit...
[2021-09-05 12:47:03] 2021-09-05 12:47:03.148270 ::: OBJECT information is modified at ../CCD_new_files/LEO_Light_-_2021-02-08_-_-_STF-8300M_-_1bin/LEO_Light_R_2021-02-08-18-08-20_400sec_-_STF-8300M_-30C_1bin_wcs.fit...
[2021-09-05 12:47:03] 2021-09-05 12:47:03.165991 ::: fits header is update with ../CCD_new_files/LEO_Light_-_2021-02-08_-_-_STF-8300M_-_1bin/LEO_Light_R_2021-02-08-18-08-20_400sec_-_STF-8300M_-30C_1bin_wcs.fit ...
[2021-09-05 12:47:03] 2021-09-05 12:47:03.178558 ::: OPTIC information is modified at ../CCD_new_files/LEO_Light_-_2021-02-08_-_-_STF-8300M_-_1bin/LEO_Light_R_2021-02-08-18-15-44_400sec_-_STF-8300M_-30C_1bin_wcs.fit...
[2021-09-05 12:47:03] 2021-09-05 12:47:03.193329 ::: OBJECT information is modified at ../CCD_new_files/LEO_Light_-_2021-02-08_-_-_STF-8300M_-_1bin/LEO_Light_R_2021-02-08-18-15-44_400sec_-_STF-8300M_-30C_1bin_wcs.fit...
[2021-09-05 12:47:03] 2021-09-05 12:47:03.208777 ::: fits header is update with ../CCD_new_files/LEO_Light_-_2021-02-08_-_-_STF-8300M_-_1bin/LEO_Light_R_2021-02-08-18-15-44_400sec_-_STF-8300M_-30C_1bin_wcs.fit ...
[2021-09-05 12:47:03] 2021-09-05 12:47:03.225966 ::: OPTIC information is modified at ../CCD_new_files/LEO_Light_-_2021-02-08_-_-_STF-8300M_-_1bin/LEO_Light_R_2021-02-08-18-22-54_400sec_-_STF-8300M_-30C_1bin_wcs.fit...
[2021-09-05 12:47:03] 2021-09-05 12:47:03.235736 ::: OBJECT information is modified at ../CCD_new_files/LEO_Light_-_2021-02-08_-_-_STF-8300M_-_1bin/LEO_Light_R_2021-02-08-18-22-54_400sec_-_STF-8300M_-30C_1bin_wcs.fit...
[2021-09-05 12:47:03] 2021-09-05 12:47:03.267535 ::: fits header is update with ../CCD_new_files/LEO_Light_-_2021-02-08_-_-_STF-8300M_-_1bin/LEO_Light_R_2021-02-08-18-22-54_400sec_-_STF-8300M_-30C_1bin_wcs.fit ...
[2021-09-05 12:47:03] 2021-09-05 12:47:03.284649 ::: OPTIC information is modified at ../CCD_new_files/LEO_Light_-_2021-02-08_-_-_STF-8300M_-_1bin/LEO_Light_R_2021-02-08-18-30-04_400sec_-_STF-8300M_-29C_1bin_wcs.fit...
[2021-09-05 12:47:03] 2021-09-05 12:47:03.287252 ::: OBJECT information is modified at ../CCD_new_files/LEO_Light_-_2021-02-08_-_-_STF-8300M_-_1bin/LEO_Light_R_2021-02-08-18-30-04_400sec_-_STF-8300M_-29C_1bin_wcs.fit...
[2021-09-05 12:47:03] 2021-09-05 12:47:03.319133 ::: fits header is update with ../CCD_new_files/LEO_Light_-_2021-02-08_-_-_STF-8300M_-_1bin/LEO_Light_R_2021-02-08-18-30-04_400sec_-_STF-8300M_-29C_1bin_wcs.fit ...
[2021-09-05 12:47:03] 2021-09-05 12:47:03.341504 ::: OPTIC information is modified at ../CCD_new_files/LEO_Light_-_2021-02-08_-_-_STF-8300M_-_1bin/LEO_Light_R_2021-02-08-18-37-15_400sec_-_STF-8300M_-29C_1bin_wcs.fit...
[2021-09-05 12:47:03] 2021-09-05 12:47:03.352302 ::: OBJECT information is modified at ../CCD_new_files/LEO_Light_-_2021-02-08_-_-_STF-8300M_-_1bin/LEO_Light_R_2021-02-08-18-37-15_400sec_-_STF-8300M_-29C_1bin_wcs.fit...
[2021-09-05 12:47:03] 2021-09-05 12:47:03.383473 ::: fits header is update with ../CCD_new_files/LEO_Light_-_2021-02-08_-_-_STF-8300M_-_1bin/LEO_Light_R_2021-02-08-18-37-15_400sec_-_STF-8300M_-29C_1bin_wcs.fit ...
[2021-09-05 12:47:03] 2021-09-05 12:47:03.404693 ::: OPTIC information is modified at ../CCD_new_files/LEO_Light_-_2021-02-08_-_-_STF-8300M_-_1bin/LEO_Light_R_2021-02-08-18-44-24_400sec_-_STF-8300M_-29C_1bin_wcs.fit...
[2021-09-05 12:47:03] 2021-09-05 12:47:03.417745 ::: OBJECT information is modified at ../CCD_new_files/LEO_Light_-_2021-02-08_-_-_STF-8300M_-_1bin/LEO_Light_R_2021-02-08-18-44-24_400sec_-_STF-8300M_-29C_1bin_wcs.fit...
[2021-09-05 12:47:03] 2021-09-05 12:47:03.446678 ::: fits header is update with ../CCD_new_files/LEO_Light_-_2021-02-08_-_-_STF-8300M_-_1bin/LEO_Light_R_2021-02-08-18-44-24_400sec_-_STF-8300M_-29C_1bin_wcs.fit ...
[2021-09-05 12:47:03] 2021-09-05 12:47:03.481565 ::: OPTIC information is modified at ../CCD_new_files/LEO_Light_-_2021-02-08_-_-_STF-8300M_-_1bin/LEO_Light_R_2021-02-08-18-51-35_400sec_-_STF-8300M_-29C_1bin_wcs.fit...
[2021-09-05 12:47:03] 2021-09-05 12:47:03.483456 ::: OBJECT information is modified at ../CCD_new_files/LEO_Light_-_2021-02-08_-_-_STF-8300M_-_1bin/LEO_Light_R_2021-02-08-18-51-35_400sec_-_STF-8300M_-29C_1bin_wcs.fit...
[2021-09-05 12:47:03] 2021-09-05 12:47:03.497295 ::: fits header is update with ../CCD_new_files/LEO_Light_-_2021-02-08_-_-_STF-8300M_-_1bin/LEO_Light_R_2021-02-08-18-51-35_400sec_-_STF-8300M_-29C_1bin_wcs.fit ...
